[0mCompiling "target/cljsbuild/public/js/app.js" from ["src/cljs" "src/cljc" "env/dev/cljs"]...[0m
[32mSuccessfully compiled "target/cljsbuild/public/js/app.js" in 0.759 seconds.[0m
notifying browser that file changed:  target/cljsbuild/public/js/out/goog/deps.js
notifying browser that file changed:  target/cljsbuild/public/js/out/cljs_deps.js
notifying browser that file changed:  target/cljsbuild/public/js/out/hackathon/core.js
[0mCompiling "target/cljsbuild/public/js/app.js" from ["src/cljs" "src/cljc" "env/dev/cljs"]...[0m
[32mSuccessfully compiled "target/cljsbuild/public/js/app.js" in 0.65 seconds.[0m
notifying browser that file changed:  target/cljsbuild/public/js/out/hackathon/core.js
[0mCompiling "target/cljsbuild/public/js/app.js" from ["src/cljs" "src/cljc" "env/dev/cljs"]...[0m
[32mSuccessfully compiled "target/cljsbuild/public/js/app.js" in 0.589 seconds.[0m
notifying browser that file changed:  target/cljsbuild/public/js/out/hackathon/core.js
[0mCompiling "target/cljsbuild/public/js/app.js" from ["src/cljs" "src/cljc" "env/dev/cljs"]...[0m
[32mSuccessfully compiled "target/cljsbuild/public/js/app.js" in 0.654 seconds.[0m
notifying browser that file changed:  target/cljsbuild/public/js/out/hackathon/core.js
[0mCompiling "target/cljsbuild/public/js/app.js" from ["src/cljs" "src/cljc" "env/dev/cljs"]...[0m
[32mSuccessfully compiled "target/cljsbuild/public/js/app.js" in 0.637 seconds.[0m
notifying browser that file changed:  target/cljsbuild/public/js/out/hackathon/core.js
[0mCompiling "target/cljsbuild/public/js/app.js" from ["src/cljs" "src/cljc" "env/dev/cljs"]...[0m
[32mSuccessfully compiled "target/cljsbuild/public/js/app.js" in 0.531 seconds.[0m
notifying browser that file changed:  target/cljsbuild/public/js/out/hackathon/core.js
[0mCompiling "target/cljsbuild/public/js/app.js" from ["src/cljs" "src/cljc" "env/dev/cljs"]...[0m
[32mSuccessfully compiled "target/cljsbuild/public/js/app.js" in 0.635 seconds.[0m
notifying browser that file changed:  target/cljsbuild/public/js/out/hackathon/core.js
[0mCompiling "target/cljsbuild/public/js/app.js" from ["src/cljs" "src/cljc" "env/dev/cljs"]...[0m
[32mSuccessfully compiled "target/cljsbuild/public/js/app.js" in 0.594 seconds.[0m
notifying browser that file changed:  target/cljsbuild/public/js/out/hackathon/core.js
[0mCompiling "target/cljsbuild/public/js/app.js" from ["src/cljs" "src/cljc" "env/dev/cljs"]...[0m
[32mSuccessfully compiled "target/cljsbuild/public/js/app.js" in 0.578 seconds.[0m
notifying browser that file changed:  target/cljsbuild/public/js/out/hackathon/core.js
[0mCompiling "target/cljsbuild/public/js/app.js" from ["src/cljs" "src/cljc" "env/dev/cljs"]...[0m
[32mSuccessfully compiled "target/cljsbuild/public/js/app.js" in 0.592 seconds.[0m
notifying browser that file changed:  target/cljsbuild/public/js/out/hackathon/core.js
[0mCompiling "target/cljsbuild/public/js/app.js" from ["src/cljs" "src/cljc" "env/dev/cljs"]...[0m
[32mSuccessfully compiled "target/cljsbuild/public/js/app.js" in 0.525 seconds.[0m
notifying browser that file changed:  target/cljsbuild/public/js/out/hackathon/core.js
[0mCompiling "target/cljsbuild/public/js/app.js" from ["src/cljs" "src/cljc" "env/dev/cljs"]...[0m
[32mSuccessfully compiled "target/cljsbuild/public/js/app.js" in 0.57 seconds.[0m
notifying browser that file changed:  target/cljsbuild/public/js/out/hackathon/core.js
[0mCompiling "target/cljsbuild/public/js/app.js" from ["src/cljs" "src/cljc" "env/dev/cljs"]...[0m
[32mSuccessfully compiled "target/cljsbuild/public/js/app.js" in 0.61 seconds.[0m
notifying browser that file changed:  target/cljsbuild/public/js/out/hackathon/core.js
[0mCompiling "target/cljsbuild/public/js/app.js" from ["src/cljs" "src/cljc" "env/dev/cljs"]...[0m
[32mSuccessfully compiled "target/cljsbuild/public/js/app.js" in 0.567 seconds.[0m
notifying browser that file changed:  target/cljsbuild/public/js/out/hackathon/core.js
[0mCompiling "target/cljsbuild/public/js/app.js" from ["src/cljs" "src/cljc" "env/dev/cljs"]...[0m
[32mSuccessfully compiled "target/cljsbuild/public/js/app.js" in 0.531 seconds.[0m
notifying browser that file changed:  target/cljsbuild/public/js/out/hackathon/core.js
[0mCompiling "target/cljsbuild/public/js/app.js" from ["src/cljs" "src/cljc" "env/dev/cljs"]...[0m
[36m----  Compiler Warning on   src/cljs/hackathon/core.cljs   line:46  column:42  ----[0m

  [1mWrong number of args (0) passed to :id[0m

  [36m42[0m  [36m   (for [i (range 4)][0m
  [36m43[0m  [36m     [:div[0m
  [36m44[0m  [36m      (for [j (range 4)][0m
  [36m45[0m  [36m        [sa/Button  {:id (+ (* i 4) j)[0m
  [33m46[0m  [1m                     :on-click (js/alert (:id))}[0m
  [0m  [0m  [33m                                         ^--- Wrong number of args (0) passed to :id[0m
  [36m47[0m  [36m         ])])])[0m
  [36m48[0m  [36m[0m
  [36m49[0m  [36m(defn home-page [][0m
  [36m50[0m  [36m  [:div.container[0m
  [36m51[0m  [36m   (when-let [docs @(rf/subscribe [:docs])][0m

[36m----  Compiler Warning : Please see src/cljs/hackathon/core.cljs  ----[0m
[36m----  Compiler Warning on   src/cljs/hackathon/core.cljs   line:46  column:42  ----[0m

  [1mWrong number of args (0) passed to :id[0m

  [36m42[0m  [36m   (for [i (range 4)][0m
  [36m43[0m  [36m     [:div[0m
  [36m44[0m  [36m      (for [j (range 4)][0m
  [36m45[0m  [36m        [sa/Button  {:id (+ (* i 4) j)[0m
  [33m46[0m  [1m                     :on-click (js/alert (:id))}[0m
  [0m  [0m  [33m                                         ^--- Wrong number of args (0) passed to :id[0m
  [36m47[0m  [36m         ])])])[0m
  [36m48[0m  [36m[0m
  [36m49[0m  [36m(defn home-page [][0m
  [36m50[0m  [36m  [:div.container[0m
  [36m51[0m  [36m   (when-let [docs @(rf/subscribe [:docs])][0m

[36m----  Compiler Warning : Please see src/cljs/hackathon/core.cljs  ----[0m
[36m----  Compiler Warning on   src/cljs/hackathon/core.cljs   line:46  column:42  ----[0m

  [1mWrong number of args (0) passed to :id[0m

  [36m42[0m  [36m   (for [i (range 4)][0m
  [36m43[0m  [36m     [:div[0m
  [36m44[0m  [36m      (for [j (range 4)][0m
  [36m45[0m  [36m        [sa/Button  {:id (+ (* i 4) j)[0m
  [33m46[0m  [1m                     :on-click (js/alert (:id))}[0m
  [0m  [0m  [33m                                         ^--- Wrong number of args (0) passed to :id[0m
  [36m47[0m  [36m         ])])])[0m
  [36m48[0m  [36m[0m
  [36m49[0m  [36m(defn home-page [][0m
  [36m50[0m  [36m  [:div.container[0m
  [36m51[0m  [36m   (when-let [docs @(rf/subscribe [:docs])][0m

[36m----  Compiler Warning : Please see src/cljs/hackathon/core.cljs  ----[0m
[36m----  Compiler Warning on   src/cljs/hackathon/core.cljs   line:46  column:42  ----[0m

  [1mWrong number of args (0) passed to :id[0m

  [36m42[0m  [36m   (for [i (range 4)][0m
  [36m43[0m  [36m     [:div[0m
  [36m44[0m  [36m      (for [j (range 4)][0m
  [36m45[0m  [36m        [sa/Button  {:id (+ (* i 4) j)[0m
  [33m46[0m  [1m                     :on-click (js/alert (:id))}[0m
  [0m  [0m  [33m                                         ^--- Wrong number of args (0) passed to :id[0m
  [36m47[0m  [36m         ])])])[0m
  [36m48[0m  [36m[0m
  [36m49[0m  [36m(defn home-page [][0m
  [36m50[0m  [36m  [:div.container[0m
  [36m51[0m  [36m   (when-let [docs @(rf/subscribe [:docs])][0m

[36m----  Compiler Warning : Please see src/cljs/hackathon/core.cljs  ----[0m
[32mSuccessfully compiled "target/cljsbuild/public/js/app.js" in 0.745 seconds.[0m
notifying browser that file changed:  target/cljsbuild/public/js/out/hackathon/core.js
[0mCompiling "target/cljsbuild/public/js/app.js" from ["src/cljs" "src/cljc" "env/dev/cljs"]...[0m
[32mSuccessfully compiled "target/cljsbuild/public/js/app.js" in 0.525 seconds.[0m
notifying browser that file changed:  target/cljsbuild/public/js/out/hackathon/core.js
[0mCompiling "target/cljsbuild/public/js/app.js" from ["src/cljs" "src/cljc" "env/dev/cljs"]...[0m
[32mSuccessfully compiled "target/cljsbuild/public/js/app.js" in 0.53 seconds.[0m
notifying browser that file changed:  target/cljsbuild/public/js/out/hackathon/core.js
[0mCompiling "target/cljsbuild/public/js/app.js" from ["src/cljs" "src/cljc" "env/dev/cljs"]...[0m
[32mSuccessfully compiled "target/cljsbuild/public/js/app.js" in 0.516 seconds.[0m
notifying browser that file changed:  target/cljsbuild/public/js/out/hackathon/core.js
[0mCompiling "target/cljsbuild/public/js/app.js" from ["src/cljs" "src/cljc" "env/dev/cljs"]...[0m
[32mSuccessfully compiled "target/cljsbuild/public/js/app.js" in 0.549 seconds.[0m
notifying browser that file changed:  target/cljsbuild/public/js/out/hackathon/core.js
[0mCompiling "target/cljsbuild/public/js/app.js" from ["src/cljs" "src/cljc" "env/dev/cljs"]...[0m
[32mSuccessfully compiled "target/cljsbuild/public/js/app.js" in 0.525 seconds.[0m
notifying browser that file changed:  target/cljsbuild/public/js/out/hackathon/core.js
[0mCompiling "target/cljsbuild/public/js/app.js" from ["src/cljs" "src/cljc" "env/dev/cljs"]...[0m
[32mSuccessfully compiled "target/cljsbuild/public/js/app.js" in 0.523 seconds.[0m
notifying browser that file changed:  target/cljsbuild/public/js/out/hackathon/core.js
[0mCompiling "target/cljsbuild/public/js/app.js" from ["src/cljs" "src/cljc" "env/dev/cljs"]...[0m
[32mSuccessfully compiled "target/cljsbuild/public/js/app.js" in 0.538 seconds.[0m
notifying browser that file changed:  target/cljsbuild/public/js/out/hackathon/core.js
[0mCompiling "target/cljsbuild/public/js/app.js" from ["src/cljs" "src/cljc" "env/dev/cljs"]...[0m
[32mSuccessfully compiled "target/cljsbuild/public/js/app.js" in 0.507 seconds.[0m
notifying browser that file changed:  target/cljsbuild/public/js/out/hackathon/core.js
[0mCompiling "target/cljsbuild/public/js/app.js" from ["src/cljs" "src/cljc" "env/dev/cljs"]...[0m
[32mSuccessfully compiled "target/cljsbuild/public/js/app.js" in 0.514 seconds.[0m
notifying browser that file changed:  target/cljsbuild/public/js/out/hackathon/core.js
[0mCompiling "target/cljsbuild/public/js/app.js" from ["src/cljs" "src/cljc" "env/dev/cljs"]...[0m
[32mSuccessfully compiled "target/cljsbuild/public/js/app.js" in 0.541 seconds.[0m
notifying browser that file changed:  target/cljsbuild/public/js/out/hackathon/core.js
[0mCompiling "target/cljsbuild/public/js/app.js" from ["src/cljs" "src/cljc" "env/dev/cljs"]...[0m
[32mSuccessfully compiled "target/cljsbuild/public/js/app.js" in 0.502 seconds.[0m
notifying browser that file changed:  target/cljsbuild/public/js/out/hackathon/core.js
[0mCompiling "target/cljsbuild/public/js/app.js" from ["src/cljs" "src/cljc" "env/dev/cljs"]...[0m
[36m----  Compiler Warning on   src/cljs/hackathon/core.cljs   line:48  column:15  ----[0m

  [1mWrong number of args (0) passed to cljs.core/shuffle[0m

  [36m44[0m  [36m     [:div[0m
  [36m45[0m  [36m      (for [j (range 4)][0m
  [36m46[0m  [36m        [sa/Button  {:id (+ (* i 4) j)[0m
  [36m47[0m  [36m                     :on-click #(js/alert "jk")}[0m
  [33m48[0m  [1m         (nth (shuffle) synonyms (+ (* i 4) j))])])])[0m
  [0m  [0m  [33m              ^--- Wrong number of args (0) passed to cljs.core/shuffle[0m
  [36m49[0m  [36m[0m
  [36m50[0m  [36m(defn home-page [][0m
  [36m51[0m  [36m  [:div.container[0m
  [36m52[0m  [36m   (when-let [docs @(rf/subscribe [:docs])][0m
  [36m53[0m  [36m     [:div.row>div.col-sm-12[0m

[36m----  Compiler Warning : Please see src/cljs/hackathon/core.cljs  ----[0m
[36m----  Compiler Warning on   src/cljs/hackathon/core.cljs   line:48  column:15  ----[0m

  [1mWrong number of args (0) passed to cljs.core/shuffle[0m

  [36m44[0m  [36m     [:div[0m
  [36m45[0m  [36m      (for [j (range 4)][0m
  [36m46[0m  [36m        [sa/Button  {:id (+ (* i 4) j)[0m
  [36m47[0m  [36m                     :on-click #(js/alert "jk")}[0m
  [33m48[0m  [1m         (nth (shuffle) synonyms (+ (* i 4) j))])])])[0m
  [0m  [0m  [33m              ^--- Wrong number of args (0) passed to cljs.core/shuffle[0m
  [36m49[0m  [36m[0m
  [36m50[0m  [36m(defn home-page [][0m
  [36m51[0m  [36m  [:div.container[0m
  [36m52[0m  [36m   (when-let [docs @(rf/subscribe [:docs])][0m
  [36m53[0m  [36m     [:div.row>div.col-sm-12[0m

[36m----  Compiler Warning : Please see src/cljs/hackathon/core.cljs  ----[0m
[36m----  Compiler Warning on   src/cljs/hackathon/core.cljs   line:48  column:15  ----[0m

  [1mWrong number of args (0) passed to cljs.core/shuffle[0m

  [36m44[0m  [36m     [:div[0m
  [36m45[0m  [36m      (for [j (range 4)][0m
  [36m46[0m  [36m        [sa/Button  {:id (+ (* i 4) j)[0m
  [36m47[0m  [36m                     :on-click #(js/alert "jk")}[0m
  [33m48[0m  [1m         (nth (shuffle) synonyms (+ (* i 4) j))])])])[0m
  [0m  [0m  [33m              ^--- Wrong number of args (0) passed to cljs.core/shuffle[0m
  [36m49[0m  [36m[0m
  [36m50[0m  [36m(defn home-page [][0m
  [36m51[0m  [36m  [:div.container[0m
  [36m52[0m  [36m   (when-let [docs @(rf/subscribe [:docs])][0m
  [36m53[0m  [36m     [:div.row>div.col-sm-12[0m

[36m----  Compiler Warning : Please see src/cljs/hackathon/core.cljs  ----[0m
[36m----  Compiler Warning on   src/cljs/hackathon/core.cljs   line:48  column:15  ----[0m

  [1mWrong number of args (0) passed to cljs.core/shuffle[0m

  [36m44[0m  [36m     [:div[0m
  [36m45[0m  [36m      (for [j (range 4)][0m
  [36m46[0m  [36m        [sa/Button  {:id (+ (* i 4) j)[0m
  [36m47[0m  [36m                     :on-click #(js/alert "jk")}[0m
  [33m48[0m  [1m         (nth (shuffle) synonyms (+ (* i 4) j))])])])[0m
  [0m  [0m  [33m              ^--- Wrong number of args (0) passed to cljs.core/shuffle[0m
  [36m49[0m  [36m[0m
  [36m50[0m  [36m(defn home-page [][0m
  [36m51[0m  [36m  [:div.container[0m
  [36m52[0m  [36m   (when-let [docs @(rf/subscribe [:docs])][0m
  [36m53[0m  [36m     [:div.row>div.col-sm-12[0m

[36m----  Compiler Warning : Please see src/cljs/hackathon/core.cljs  ----[0m
[32mSuccessfully compiled "target/cljsbuild/public/js/app.js" in 0.621 seconds.[0m
notifying browser that file changed:  target/cljsbuild/public/js/out/hackathon/core.js
[0mCompiling "target/cljsbuild/public/js/app.js" from ["src/cljs" "src/cljc" "env/dev/cljs"]...[0m
[32mSuccessfully compiled "target/cljsbuild/public/js/app.js" in 0.524 seconds.[0m
notifying browser that file changed:  target/cljsbuild/public/js/out/hackathon/core.js
[0mCompiling "target/cljsbuild/public/js/app.js" from ["src/cljs" "src/cljc" "env/dev/cljs"]...[0m
[32mSuccessfully compiled "target/cljsbuild/public/js/app.js" in 0.523 seconds.[0m
notifying browser that file changed:  target/cljsbuild/public/js/out/hackathon/core.js
[0mCompiling "target/cljsbuild/public/js/app.js" from ["src/cljs" "src/cljc" "env/dev/cljs"]...[0m
[32mSuccessfully compiled "target/cljsbuild/public/js/app.js" in 0.499 seconds.[0m
notifying browser that file changed:  target/cljsbuild/public/js/out/hackathon/core.js
[0mCompiling "target/cljsbuild/public/js/app.js" from ["src/cljs" "src/cljc" "env/dev/cljs"]...[0m
[32mSuccessfully compiled "target/cljsbuild/public/js/app.js" in 0.511 seconds.[0m
notifying browser that file changed:  target/cljsbuild/public/js/out/hackathon/core.js
[0mCompiling "target/cljsbuild/public/js/app.js" from ["src/cljs" "src/cljc" "env/dev/cljs"]...[0m
[32mSuccessfully compiled "target/cljsbuild/public/js/app.js" in 0.546 seconds.[0m
notifying browser that file changed:  target/cljsbuild/public/js/out/hackathon/subscriptions.js
[0mCompiling "target/cljsbuild/public/js/app.js" from ["src/cljs" "src/cljc" "env/dev/cljs"]...[0m
[32mSuccessfully compiled "target/cljsbuild/public/js/app.js" in 0.519 seconds.[0m
notifying browser that file changed:  target/cljsbuild/public/js/out/hackathon/subscriptions.js
[0mCompiling "target/cljsbuild/public/js/app.js" from ["src/cljs" "src/cljc" "env/dev/cljs"]...[0m
[32mSuccessfully compiled "target/cljsbuild/public/js/app.js" in 0.557 seconds.[0m
notifying browser that file changed:  target/cljsbuild/public/js/out/hackathon/subscriptions.js
[0mCompiling "target/cljsbuild/public/js/app.js" from ["src/cljs" "src/cljc" "env/dev/cljs"]...[0m
[36m----  Compiler Warning on   src/cljs/hackathon/handlers.cljs   line:28  column:20  ----[0m

  [1mUse of undeclared Var hackathon.handlers/word[0m

  [36m25[0m  [36m(reg-event-db[0m
  [36m26[0m  [36m :set-word[0m
  [36m27[0m  [36m (fn [db [_ synonym]][0m
  [33m28[0m  [1m   (assoc db :word word)))[0m
  [0m  [0m  [33m                   ^--- Use of undeclared Var hackathon.handlers/word[0m
  [36m29[0m  [36m[0m
  [36m30[0m  [36m(reg-event-db[0m
  [36m31[0m  [36m :set-first-value[0m
  [36m32[0m  [36m (fn [db [_ first-value]][0m
  [36m33[0m  [36m   (or false (assoc db :first-value first-value))))[0m

[36m----  Compiler Warning : Please see src/cljs/hackathon/handlers.cljs  ----[0m
[32mSuccessfully compiled "target/cljsbuild/public/js/app.js" in 0.538 seconds.[0m
notifying browser that file changed:  target/cljsbuild/public/js/out/hackathon/handlers.js
[0mCompiling "target/cljsbuild/public/js/app.js" from ["src/cljs" "src/cljc" "env/dev/cljs"]...[0m
[32mSuccessfully compiled "target/cljsbuild/public/js/app.js" in 0.522 seconds.[0m
notifying browser that file changed:  target/cljsbuild/public/js/out/hackathon/core.js
[0mCompiling "target/cljsbuild/public/js/app.js" from ["src/cljs" "src/cljc" "env/dev/cljs"]...[0m
[31mFailed to compile "target/cljsbuild/public/js/app.js" in 0.274 seconds.[0m
[36m----  Could not Analyze  src/cljs/hackathon/core.cljs   line:91  column:3  ----[0m

  [1mWrong number of args (4) passed to: core/if-not[0m

  [36m89[0m  [36m"Dispatches the word and synonym to the backend and sets the value of first element to true"[0m
  [36m90[0m  [36m[i j][0m
  [33m91[0m  [1m(if-not @(rf/subscribe [:first-value])[0m
  [0m  [0m  [33m^--- Wrong number of args (4) passed to: core/if-not[0m
  [36m92[0m  [36m  (rf/dispatch [:set-first-value (not (@(rf/subscribe [:first-value])))])[0m
  [36m93[0m  [36m  (rf/dispatch [:set-synonym (:synonym (nth synonyms-key-value (+ (* i 4) j)))])[0m
  [36m94[0m  [36m  (rf/dispatch [:set-word (:word (nth synonyms-key-value (+ (* i 4) j)))])))[0m

[36m----  Analysis Error : Please see src/cljs/hackathon/core.cljs  ----[0m
[0mCompiling "target/cljsbuild/public/js/app.js" from ["src/cljs" "src/cljc" "env/dev/cljs"]...[0m
[31mFailed to compile "target/cljsbuild/public/js/app.js" in 0.325 seconds.[0m
[36m----  Could not Analyze  src/cljs/hackathon/core.cljs   line:91  column:3  ----[0m

  [1mWrong number of args (4) passed to: core/if-not[0m

  [36m89[0m  [36m"Dispatches the word and synonym to the backend and sets the value of first element to true"[0m
  [36m90[0m  [36m[i j][0m
  [33m91[0m  [1m(if-not @(rf/subscribe [:first-value])[0m
  [0m  [0m  [33m^--- Wrong number of args (4) passed to: core/if-not[0m
  [36m92[0m  [36m  (rf/dispatch [:set-first-value (not (@(rf/subscribe [:first-value])))])[0m
  [36m93[0m  [36m  (rf/dispatch [:set-synonym (:synonym (nth synonyms-key-value (+ (* i 4) j)))])[0m
  [36m94[0m  [36m  (rf/dispatch [:set-word (:word (nth synonyms-key-value (+ (* i 4) j)))])))[0m

[36m----  Analysis Error : Please see src/cljs/hackathon/core.cljs  ----[0m
[0mCompiling "target/cljsbuild/public/js/app.js" from ["src/cljs" "src/cljc" "env/dev/cljs"]...[0m
[31mFailed to compile "target/cljsbuild/public/js/app.js" in 0.282 seconds.[0m
[36m----  Could not Analyze  src/cljs/hackathon/core.cljs   line:98  column:7  ----[0m

  [1mToo few arguments to if at line 98 src/cljs/hackathon/core.cljs[0m

  [36m 96[0m  [36m    (do[0m
  [36m 97[0m  [36m      (rf/dispatch [:set-first-value (not (@(rf/subscribe [:first-value])))])[0m
  [33m 98[0m  [1m      (if @(rf/subscribe )))))[0m
  [0m   [0m  [33m      ^--- Too few arguments to if at line 98 src/cljs/hackathon/core.cljs[0m
  [36m 99[0m  [36m[0m
  [36m100[0m  [36m(defn about-page [][0m
  [36m101[0m  [36m  [:div.container[0m

[36m----  Analysis Error : Please see src/cljs/hackathon/core.cljs  ----[0m
[0mCompiling "target/cljsbuild/public/js/app.js" from ["src/cljs" "src/cljc" "env/dev/cljs"]...[0m
[31mFailed to compile "target/cljsbuild/public/js/app.js" in 0.273 seconds.[0m
[36m----  Could not Analyze  src/cljs/hackathon/core.cljs   line:98  column:7  ----[0m

  [1mToo few arguments to if at line 98 src/cljs/hackathon/core.cljs[0m

  [36m 96[0m  [36m(do[0m
  [36m 97[0m  [36m  (rf/dispatch [:set-first-value (not (@(rf/subscribe [:first-value])))])[0m
  [33m 98[0m  [1m  (if (= (:word (nth synonyms-key-value (+ (* i 4) j)))[0m
  [0m   [0m  [33m  ^--- Too few arguments to if at line 98 src/cljs/hackathon/core.cljs[0m
  [36m 99[0m  [36m         (@(rf/subscribe [:synonym]))))[0m
  [36m100[0m  [36m  (js/alert "Synonym Found")[0m
  [36m101[0m  [36m  (js/alert "Wrong word chosen"))))[0m

[36m----  Analysis Error : Please see src/cljs/hackathon/core.cljs  ----[0m
[0mCompiling "target/cljsbuild/public/js/app.js" from ["src/cljs" "src/cljc" "env/dev/cljs"]...[0m
[32mSuccessfully compiled "target/cljsbuild/public/js/app.js" in 0.5 seconds.[0m
notifying browser that file changed:  target/cljsbuild/public/js/out/hackathon/core.js
[0mCompiling "target/cljsbuild/public/js/app.js" from ["src/cljs" "src/cljc" "env/dev/cljs"]...[0m
[32mSuccessfully compiled "target/cljsbuild/public/js/app.js" in 0.526 seconds.[0m
notifying browser that file changed:  target/cljsbuild/public/js/out/hackathon/core.js
[0mCompiling "target/cljsbuild/public/js/app.js" from ["src/cljs" "src/cljc" "env/dev/cljs"]...[0m
[36m----  Compiler Warning on   src/cljs/hackathon/core.cljs   line:110  column:33  ----[0m

  [1mUse of undeclared Var hackathon.core/synonyms-on-click[0m

  [36m106[0m  [36m   (for [i (range 4)][0m
  [36m107[0m  [36m     [:div[0m
  [36m108[0m  [36m      (for [j (range 4)][0m
  [36m109[0m  [36m        [sa/Button  {:id (+ (* i 4) j)[0m
  [33m110[0m  [1m                     :on-click (synonyms-on-click i j)}[0m
  [0m   [0m  [33m                                ^--- Use of undeclared Var hackathon.core/synonyms-on-click[0m
  [36m111[0m  [36m         (nth synonyms (+ (* i 4) j))])])])[0m
  [36m112[0m  [36m[0m
  [36m113[0m  [36m(defn home-page [][0m
  [36m114[0m  [36m  [:div.container[0m
  [36m115[0m  [36m   (when-let [docs @(rf/subscribe [:docs])][0m

[36m----  Compiler Warning : Please see src/cljs/hackathon/core.cljs  ----[0m
[36m----  Compiler Warning on   src/cljs/hackathon/core.cljs   line:110  column:33  ----[0m

  [1mUse of undeclared Var hackathon.core/synonyms-on-click[0m

  [36m106[0m  [36m   (for [i (range 4)][0m
  [36m107[0m  [36m     [:div[0m
  [36m108[0m  [36m      (for [j (range 4)][0m
  [36m109[0m  [36m        [sa/Button  {:id (+ (* i 4) j)[0m
  [33m110[0m  [1m                     :on-click (synonyms-on-click i j)}[0m
  [0m   [0m  [33m                                ^--- Use of undeclared Var hackathon.core/synonyms-on-click[0m
  [36m111[0m  [36m         (nth synonyms (+ (* i 4) j))])])])[0m
  [36m112[0m  [36m[0m
  [36m113[0m  [36m(defn home-page [][0m
  [36m114[0m  [36m  [:div.container[0m
  [36m115[0m  [36m   (when-let [docs @(rf/subscribe [:docs])][0m

[36m----  Compiler Warning : Please see src/cljs/hackathon/core.cljs  ----[0m
[36m----  Compiler Warning on   src/cljs/hackathon/core.cljs   line:110  column:33  ----[0m

  [1mUse of undeclared Var hackathon.core/synonyms-on-click[0m

  [36m106[0m  [36m   (for [i (range 4)][0m
  [36m107[0m  [36m     [:div[0m
  [36m108[0m  [36m      (for [j (range 4)][0m
  [36m109[0m  [36m        [sa/Button  {:id (+ (* i 4) j)[0m
  [33m110[0m  [1m                     :on-click (synonyms-on-click i j)}[0m
  [0m   [0m  [33m                                ^--- Use of undeclared Var hackathon.core/synonyms-on-click[0m
  [36m111[0m  [36m         (nth synonyms (+ (* i 4) j))])])])[0m
  [36m112[0m  [36m[0m
  [36m113[0m  [36m(defn home-page [][0m
  [36m114[0m  [36m  [:div.container[0m
  [36m115[0m  [36m   (when-let [docs @(rf/subscribe [:docs])][0m

[36m----  Compiler Warning : Please see src/cljs/hackathon/core.cljs  ----[0m
[36m----  Compiler Warning on   src/cljs/hackathon/core.cljs   line:110  column:33  ----[0m

  [1mUse of undeclared Var hackathon.core/synonyms-on-click[0m

  [36m106[0m  [36m   (for [i (range 4)][0m
  [36m107[0m  [36m     [:div[0m
  [36m108[0m  [36m      (for [j (range 4)][0m
  [36m109[0m  [36m        [sa/Button  {:id (+ (* i 4) j)[0m
  [33m110[0m  [1m                     :on-click (synonyms-on-click i j)}[0m
  [0m   [0m  [33m                                ^--- Use of undeclared Var hackathon.core/synonyms-on-click[0m
  [36m111[0m  [36m         (nth synonyms (+ (* i 4) j))])])])[0m
  [36m112[0m  [36m[0m
  [36m113[0m  [36m(defn home-page [][0m
  [36m114[0m  [36m  [:div.container[0m
  [36m115[0m  [36m   (when-let [docs @(rf/subscribe [:docs])][0m

[36m----  Compiler Warning : Please see src/cljs/hackathon/core.cljs  ----[0m
[32mSuccessfully compiled "target/cljsbuild/public/js/app.js" in 0.577 seconds.[0m
notifying browser that file changed:  target/cljsbuild/public/js/out/hackathon/core.js
[0mCompiling "target/cljsbuild/public/js/app.js" from ["src/cljs" "src/cljc" "env/dev/cljs"]...[0m
[32mSuccessfully compiled "target/cljsbuild/public/js/app.js" in 0.521 seconds.[0m
notifying browser that file changed:  target/cljsbuild/public/js/out/hackathon/core.js
[0mCompiling "target/cljsbuild/public/js/app.js" from ["src/cljs" "src/cljc" "env/dev/cljs"]...[0m
[31mFailed to compile "target/cljsbuild/public/js/app.js" in 0.28 seconds.[0m
[36m----  Could not Read  src/cljs/hackathon/core.cljs   line:110 ----[0m

  [1m/home/karthikeyan/Desktop/hackathon-mindseed/hackathon/src/cljs/hackathon/core.cljs [line 110, col 57] The map literal starting with :id on line 109 column 21 contains 3 form(s). Map literals must contain an even number of forms.[0m

  [36m108[0m  [36m      (for [j (range 4)][0m
  [36m109[0m  [36m        [sa/Button  {:id (+ (* i 4) j)[0m
  [33m110[0m  [1m                     :on-click #_(synonym-on-click i j)}[0m
  [0m   [0m  [33m                     /home/karthikeyan/Desktop/hackathon-mindseed/hackathon/src/cljs/hackathon/core.cljs [line 110, col 57] The map literal starting with :id on line 109 column 21 contains 3 form(s). Map literals must contain an even number of forms.[0m
  [36m111[0m  [36m         (nth synonyms (+ (* i 4) j))])])])[0m
  [36m112[0m  [36m[0m
  [36m113[0m  [36m(defn home-page [][0m

[36m----  Reader Error : Please see src/cljs/hackathon/core.cljs  ----[0m
[0mCompiling "target/cljsbuild/public/js/app.js" from ["src/cljs" "src/cljc" "env/dev/cljs"]...[0m
[32mSuccessfully compiled "target/cljsbuild/public/js/app.js" in 0.561 seconds.[0m
notifying browser that file changed:  target/cljsbuild/public/js/out/hackathon/core.js
[0mCompiling "target/cljsbuild/public/js/app.js" from ["src/cljs" "src/cljc" "env/dev/cljs"]...[0m
[32mSuccessfully compiled "target/cljsbuild/public/js/app.js" in 0.546 seconds.[0m
notifying browser that file changed:  target/cljsbuild/public/js/out/hackathon/core.js
[0mCompiling "target/cljsbuild/public/js/app.js" from ["src/cljs" "src/cljc" "env/dev/cljs"]...[0m
[32mSuccessfully compiled "target/cljsbuild/public/js/app.js" in 0.494 seconds.[0m
notifying browser that file changed:  target/cljsbuild/public/js/out/hackathon/core.js
[0mCompiling "target/cljsbuild/public/js/app.js" from ["src/cljs" "src/cljc" "env/dev/cljs"]...[0m
[32mSuccessfully compiled "target/cljsbuild/public/js/app.js" in 0.532 seconds.[0m
notifying browser that file changed:  target/cljsbuild/public/js/out/hackathon/core.js
[0mCompiling "target/cljsbuild/public/js/app.js" from ["src/cljs" "src/cljc" "env/dev/cljs"]...[0m
[32mSuccessfully compiled "target/cljsbuild/public/js/app.js" in 0.492 seconds.[0m
notifying browser that file changed:  target/cljsbuild/public/js/out/hackathon/core.js
[0mCompiling "target/cljsbuild/public/js/app.js" from ["src/cljs" "src/cljc" "env/dev/cljs"]...[0m
[32mSuccessfully compiled "target/cljsbuild/public/js/app.js" in 0.492 seconds.[0m
notifying browser that file changed:  target/cljsbuild/public/js/out/hackathon/core.js
[0mCompiling "target/cljsbuild/public/js/app.js" from ["src/cljs" "src/cljc" "env/dev/cljs"]...[0m
[32mSuccessfully compiled "target/cljsbuild/public/js/app.js" in 0.511 seconds.[0m
notifying browser that file changed:  target/cljsbuild/public/js/out/hackathon/core.js
[0mCompiling "target/cljsbuild/public/js/app.js" from ["src/cljs" "src/cljc" "env/dev/cljs"]...[0m
[32mSuccessfully compiled "target/cljsbuild/public/js/app.js" in 0.5 seconds.[0m
notifying browser that file changed:  target/cljsbuild/public/js/out/hackathon/core.js
[0mCompiling "target/cljsbuild/public/js/app.js" from ["src/cljs" "src/cljc" "env/dev/cljs"]...[0m
[32mSuccessfully compiled "target/cljsbuild/public/js/app.js" in 0.513 seconds.[0m
notifying browser that file changed:  target/cljsbuild/public/js/out/hackathon/core.js
[0mCompiling "target/cljsbuild/public/js/app.js" from ["src/cljs" "src/cljc" "env/dev/cljs"]...[0m
[36m----  Compiler Warning on   src/cljs/hackathon/handlers.cljs   line:28  column:20  ----[0m

  [1mUse of undeclared Var hackathon.handlers/word[0m

  [36m25[0m  [36m(reg-event-db[0m
  [36m26[0m  [36m :set-word[0m
  [36m27[0m  [36m (fn [db [_ synonym]][0m
  [33m28[0m  [1m   (assoc db :word word)))[0m
  [0m  [0m  [33m                   ^--- Use of undeclared Var hackathon.handlers/word[0m
  [36m29[0m  [36m[0m
  [36m30[0m  [36m(reg-event-db[0m
  [36m31[0m  [36m :set-first-value[0m
  [36m32[0m  [36m (fn [db [_ first-value]][0m
  [36m33[0m  [36m   (assoc db :first-value first-value)))[0m

[36m----  Compiler Warning : Please see src/cljs/hackathon/handlers.cljs  ----[0m
[32mSuccessfully compiled "target/cljsbuild/public/js/app.js" in 0.564 seconds.[0m
notifying browser that file changed:  target/cljsbuild/public/js/out/hackathon/handlers.js
[0mCompiling "target/cljsbuild/public/js/app.js" from ["src/cljs" "src/cljc" "env/dev/cljs"]...[0m
[32mSuccessfully compiled "target/cljsbuild/public/js/app.js" in 0.525 seconds.[0m
notifying browser that file changed:  target/cljsbuild/public/js/out/hackathon/handlers.js
[0mCompiling "target/cljsbuild/public/js/app.js" from ["src/cljs" "src/cljc" "env/dev/cljs"]...[0m
[32mSuccessfully compiled "target/cljsbuild/public/js/app.js" in 0.502 seconds.[0m
notifying browser that file changed:  target/cljsbuild/public/js/out/hackathon/handlers.js
[0mCompiling "target/cljsbuild/public/js/app.js" from ["src/cljs" "src/cljc" "env/dev/cljs"]...[0m
[32mSuccessfully compiled "target/cljsbuild/public/js/app.js" in 0.521 seconds.[0m
notifying browser that file changed:  target/cljsbuild/public/js/out/hackathon/core.js
[0mCompiling "target/cljsbuild/public/js/app.js" from ["src/cljs" "src/cljc" "env/dev/cljs"]...[0m
[32mSuccessfully compiled "target/cljsbuild/public/js/app.js" in 0.503 seconds.[0m
notifying browser that file changed:  target/cljsbuild/public/js/out/hackathon/handlers.js
[0mCompiling "target/cljsbuild/public/js/app.js" from ["src/cljs" "src/cljc" "env/dev/cljs"]...[0m
[32mSuccessfully compiled "target/cljsbuild/public/js/app.js" in 0.519 seconds.[0m
notifying browser that file changed:  target/cljsbuild/public/js/out/hackathon/core.js
[0mCompiling "target/cljsbuild/public/js/app.js" from ["src/cljs" "src/cljc" "env/dev/cljs"]...[0m
[32mSuccessfully compiled "target/cljsbuild/public/js/app.js" in 0.502 seconds.[0m
notifying browser that file changed:  target/cljsbuild/public/js/out/hackathon/core.js
[0mCompiling "target/cljsbuild/public/js/app.js" from ["src/cljs" "src/cljc" "env/dev/cljs"]...[0m
[32mSuccessfully compiled "target/cljsbuild/public/js/app.js" in 0.536 seconds.[0m
notifying browser that file changed:  target/cljsbuild/public/js/out/hackathon/core.js
[0mCompiling "target/cljsbuild/public/js/app.js" from ["src/cljs" "src/cljc" "env/dev/cljs"]...[0m
[32mSuccessfully compiled "target/cljsbuild/public/js/app.js" in 0.482 seconds.[0m
notifying browser that file changed:  target/cljsbuild/public/js/out/hackathon/core.js
[0mCompiling "target/cljsbuild/public/js/app.js" from ["src/cljs" "src/cljc" "env/dev/cljs"]...[0m
[32mSuccessfully compiled "target/cljsbuild/public/js/app.js" in 0.515 seconds.[0m
notifying browser that file changed:  target/cljsbuild/public/js/out/hackathon/core.js
[0mCompiling "target/cljsbuild/public/js/app.js" from ["src/cljs" "src/cljc" "env/dev/cljs"]...[0m
[32mSuccessfully compiled "target/cljsbuild/public/js/app.js" in 0.498 seconds.[0m
notifying browser that file changed:  target/cljsbuild/public/js/out/hackathon/core.js
[0mCompiling "target/cljsbuild/public/js/app.js" from ["src/cljs" "src/cljc" "env/dev/cljs"]...[0m
[32mSuccessfully compiled "target/cljsbuild/public/js/app.js" in 0.533 seconds.[0m
notifying browser that file changed:  target/cljsbuild/public/js/out/hackathon/core.js
[0mCompiling "target/cljsbuild/public/js/app.js" from ["src/cljs" "src/cljc" "env/dev/cljs"]...[0m
[32mSuccessfully compiled "target/cljsbuild/public/js/app.js" in 0.583 seconds.[0m
notifying browser that file changed:  target/cljsbuild/public/js/out/hackathon/core.js
[0mCompiling "target/cljsbuild/public/js/app.js" from ["src/cljs" "src/cljc" "env/dev/cljs"]...[0m
[32mSuccessfully compiled "target/cljsbuild/public/js/app.js" in 0.487 seconds.[0m
notifying browser that file changed:  target/cljsbuild/public/js/out/hackathon/core.js
[0mCompiling "target/cljsbuild/public/js/app.js" from ["src/cljs" "src/cljc" "env/dev/cljs"]...[0m
[32mSuccessfully compiled "target/cljsbuild/public/js/app.js" in 0.525 seconds.[0m
notifying browser that file changed:  target/cljsbuild/public/js/out/hackathon/core.js
[0mCompiling "target/cljsbuild/public/js/app.js" from ["src/cljs" "src/cljc" "env/dev/cljs"]...[0m
[32mSuccessfully compiled "target/cljsbuild/public/js/app.js" in 0.496 seconds.[0m
notifying browser that file changed:  target/cljsbuild/public/js/out/hackathon/core.js
[0mCompiling "target/cljsbuild/public/js/app.js" from ["src/cljs" "src/cljc" "env/dev/cljs"]...[0m
[32mSuccessfully compiled "target/cljsbuild/public/js/app.js" in 0.493 seconds.[0m
notifying browser that file changed:  target/cljsbuild/public/js/out/hackathon/core.js
[0mCompiling "target/cljsbuild/public/js/app.js" from ["src/cljs" "src/cljc" "env/dev/cljs"]...[0m
[32mSuccessfully compiled "target/cljsbuild/public/js/app.js" in 0.497 seconds.[0m
notifying browser that file changed:  target/cljsbuild/public/js/out/hackathon/core.js
[0mCompiling "target/cljsbuild/public/js/app.js" from ["src/cljs" "src/cljc" "env/dev/cljs"]...[0m
[32mSuccessfully compiled "target/cljsbuild/public/js/app.js" in 0.492 seconds.[0m
notifying browser that file changed:  target/cljsbuild/public/js/out/hackathon/core.js
[0mCompiling "target/cljsbuild/public/js/app.js" from ["src/cljs" "src/cljc" "env/dev/cljs"]...[0m
[32mSuccessfully compiled "target/cljsbuild/public/js/app.js" in 0.492 seconds.[0m
notifying browser that file changed:  target/cljsbuild/public/js/out/hackathon/core.js
[0mCompiling "target/cljsbuild/public/js/app.js" from ["src/cljs" "src/cljc" "env/dev/cljs"]...[0m
[32mSuccessfully compiled "target/cljsbuild/public/js/app.js" in 0.518 seconds.[0m
notifying browser that file changed:  target/cljsbuild/public/js/out/hackathon/core.js
[0mCompiling "target/cljsbuild/public/js/app.js" from ["src/cljs" "src/cljc" "env/dev/cljs"]...[0m
[32mSuccessfully compiled "target/cljsbuild/public/js/app.js" in 0.57 seconds.[0m
notifying browser that file changed:  target/cljsbuild/public/js/out/hackathon/core.js
[0mCompiling "target/cljsbuild/public/js/app.js" from ["src/cljs" "src/cljc" "env/dev/cljs"]...[0m
[32mSuccessfully compiled "target/cljsbuild/public/js/app.js" in 0.487 seconds.[0m
notifying browser that file changed:  target/cljsbuild/public/js/out/hackathon/core.js
[0mCompiling "target/cljsbuild/public/js/app.js" from ["src/cljs" "src/cljc" "env/dev/cljs"]...[0m
[32mSuccessfully compiled "target/cljsbuild/public/js/app.js" in 0.484 seconds.[0m
notifying browser that file changed:  target/cljsbuild/public/js/out/hackathon/core.js
[0mCompiling "target/cljsbuild/public/js/app.js" from ["src/cljs" "src/cljc" "env/dev/cljs"]...[0m
[32mSuccessfully compiled "target/cljsbuild/public/js/app.js" in 0.506 seconds.[0m
notifying browser that file changed:  target/cljsbuild/public/js/out/hackathon/db.js
[0mCompiling "target/cljsbuild/public/js/app.js" from ["src/cljs" "src/cljc" "env/dev/cljs"]...[0m
[32mSuccessfully compiled "target/cljsbuild/public/js/app.js" in 0.505 seconds.[0m
notifying browser that file changed:  target/cljsbuild/public/js/out/hackathon/core.js
[0mCompiling "target/cljsbuild/public/js/app.js" from ["src/cljs" "src/cljc" "env/dev/cljs"]...[0m
[32mSuccessfully compiled "target/cljsbuild/public/js/app.js" in 0.506 seconds.[0m
notifying browser that file changed:  target/cljsbuild/public/js/out/hackathon/core.js
[0mCompiling "target/cljsbuild/public/js/app.js" from ["src/cljs" "src/cljc" "env/dev/cljs"]...[0m
[32mSuccessfully compiled "target/cljsbuild/public/js/app.js" in 0.501 seconds.[0m
notifying browser that file changed:  target/cljsbuild/public/js/out/hackathon/core.js
[0mCompiling "target/cljsbuild/public/js/app.js" from ["src/cljs" "src/cljc" "env/dev/cljs"]...[0m
[32mSuccessfully compiled "target/cljsbuild/public/js/app.js" in 0.508 seconds.[0m
notifying browser that file changed:  target/cljsbuild/public/js/out/hackathon/core.js
[0mCompiling "target/cljsbuild/public/js/app.js" from ["src/cljs" "src/cljc" "env/dev/cljs"]...[0m
[32mSuccessfully compiled "target/cljsbuild/public/js/app.js" in 0.486 seconds.[0m
notifying browser that file changed:  target/cljsbuild/public/js/out/hackathon/subscriptions.js
[0mCompiling "target/cljsbuild/public/js/app.js" from ["src/cljs" "src/cljc" "env/dev/cljs"]...[0m
[32mSuccessfully compiled "target/cljsbuild/public/js/app.js" in 0.499 seconds.[0m
notifying browser that file changed:  target/cljsbuild/public/js/out/hackathon/core.js
[0mCompiling "target/cljsbuild/public/js/app.js" from ["src/cljs" "src/cljc" "env/dev/cljs"]...[0m
[32mSuccessfully compiled "target/cljsbuild/public/js/app.js" in 0.498 seconds.[0m
notifying browser that file changed:  target/cljsbuild/public/js/out/hackathon/core.js
[0mCompiling "target/cljsbuild/public/js/app.js" from ["src/cljs" "src/cljc" "env/dev/cljs"]...[0m
[32mSuccessfully compiled "target/cljsbuild/public/js/app.js" in 0.5 seconds.[0m
notifying browser that file changed:  target/cljsbuild/public/js/out/hackathon/core.js
[0mCompiling "target/cljsbuild/public/js/app.js" from ["src/cljs" "src/cljc" "env/dev/cljs"]...[0m
[32mSuccessfully compiled "target/cljsbuild/public/js/app.js" in 0.511 seconds.[0m
notifying browser that file changed:  target/cljsbuild/public/js/out/hackathon/core.js
[0mCompiling "target/cljsbuild/public/js/app.js" from ["src/cljs" "src/cljc" "env/dev/cljs"]...[0m
[32mSuccessfully compiled "target/cljsbuild/public/js/app.js" in 0.616 seconds.[0m
notifying browser that file changed:  target/cljsbuild/public/js/out/hackathon/handlers.js
[0mCompiling "target/cljsbuild/public/js/app.js" from ["src/cljs" "src/cljc" "env/dev/cljs"]...[0m
[32mSuccessfully compiled "target/cljsbuild/public/js/app.js" in 0.503 seconds.[0m
notifying browser that file changed:  target/cljsbuild/public/js/out/hackathon/handlers.js
[0mCompiling "target/cljsbuild/public/js/app.js" from ["src/cljs" "src/cljc" "env/dev/cljs"]...[0m
[32mSuccessfully compiled "target/cljsbuild/public/js/app.js" in 0.502 seconds.[0m
notifying browser that file changed:  target/cljsbuild/public/js/out/hackathon/subscriptions.js
[0mCompiling "target/cljsbuild/public/js/app.js" from ["src/cljs" "src/cljc" "env/dev/cljs"]...[0m
[36m----  Compiler Warning on   src/cljs/hackathon/core.cljs   line:152  column:43  ----[0m

  [1mUse of undeclared Var hackathon.core/on-button-click[0m

  [36m148[0m  [36m#_(rf/dispatch [:set-first-value false])[0m
  [36m149[0m  [36m(doall[0m
  [36m150[0m  [36m (map-indexed (fn [i word-pair][0m
  [36m151[0m  [36m                ^{:key i}[0m
  [33m152[0m  [1m                [sa/Button {:onClick #(on-button-click word-pair)[0m
  [0m   [0m  [33m                                       ^--- Use of undeclared Var hackathon.core/on-button-click[0m
  [36m153[0m  [36m                            :disabled (:done? word-par)}[0m
  [36m154[0m  [36m                 (if (:done? word-pair)[0m
  [36m155[0m  [36m                   )])[0m
  [36m156[0m  [36m              @synonyms))])[0m

[36m----  Compiler Warning : Please see src/cljs/hackathon/core.cljs  ----[0m
[36m----  Compiler Warning on   src/cljs/hackathon/core.cljs   line:153  column:50  ----[0m

  [1mUse of undeclared Var hackathon.core/word-par[0m

  [36m149[0m  [36m   (doall[0m
  [36m150[0m  [36m    (map-indexed (fn [i word-pair][0m
  [36m151[0m  [36m                   ^{:key i}[0m
  [36m152[0m  [36m                   [sa/Button {:onClick #(on-button-click word-pair)[0m
  [33m153[0m  [1m                               :disabled (:done? word-par)}[0m
  [0m   [0m  [33m                                                 ^--- Use of undeclared Var hackathon.core/word-par[0m
  [36m154[0m  [36m                    (if (:done? word-pair)[0m
  [36m155[0m  [36m                      )])[0m
  [36m156[0m  [36m                 @synonyms))])[0m
  [36m157[0m  [36m[0m
  [36m158[0m  [36m(defn home-page [][0m

[36m----  Compiler Warning : Please see src/cljs/hackathon/core.cljs  ----[0m
[31mFailed to compile "target/cljsbuild/public/js/app.js" in 0.298 seconds.[0m
[36m----  Could not Analyze  src/cljs/hackathon/core.cljs   line:154  column:21  ----[0m

  [1mToo few arguments to if at line 154 src/cljs/hackathon/core.cljs[0m

  [36m152[0m  [36m  [sa/Button {:onClick #(on-button-click word-pair)[0m
  [36m153[0m  [36m              :disabled (:done? word-par)}[0m
  [33m154[0m  [1m   (if (:done? word-pair)[0m
  [0m   [0m  [33m   ^--- Too few arguments to if at line 154 src/cljs/hackathon/core.cljs[0m
  [36m155[0m  [36m     )])[0m
  [36m156[0m  [36m@synonyms))])[0m

[36m----  Analysis Error : Please see src/cljs/hackathon/core.cljs  ----[0m
[0mCompiling "target/cljsbuild/public/js/app.js" from ["src/cljs" "src/cljc" "env/dev/cljs"]...[0m
[36m----  Compiler Warning on   src/cljs/hackathon/core.cljs   line:152  column:43  ----[0m

  [1mUse of undeclared Var hackathon.core/on-button-click[0m

  [36m148[0m  [36m#_(rf/dispatch [:set-first-value false])[0m
  [36m149[0m  [36m(doall[0m
  [36m150[0m  [36m (map-indexed (fn [i word-pair][0m
  [36m151[0m  [36m                ^{:key i}[0m
  [33m152[0m  [1m                [sa/Button {:onClick #(on-button-click word-pair)[0m
  [0m   [0m  [33m                                       ^--- Use of undeclared Var hackathon.core/on-button-click[0m
  [36m153[0m  [36m                            :disabled (:done? word-par)}[0m
  [36m154[0m  [36m                 (if (:disabled? word-pair)[0m
  [36m155[0m  [36m                   (:word word-pair)[0m
  [36m156[0m  [36m                   (if (:clicked? word-pair)[0m
  [36m157[0m  [36m                     (:word word-pair)[0m

[36m----  Compiler Warning : Please see src/cljs/hackathon/core.cljs  ----[0m
[36m----  Compiler Warning on   src/cljs/hackathon/core.cljs   line:153  column:50  ----[0m

  [1mUse of undeclared Var hackathon.core/word-par[0m

  [36m149[0m  [36m(doall[0m
  [36m150[0m  [36m (map-indexed (fn [i word-pair][0m
  [36m151[0m  [36m                ^{:key i}[0m
  [36m152[0m  [36m                [sa/Button {:onClick #(on-button-click word-pair)[0m
  [33m153[0m  [1m                            :disabled (:done? word-par)}[0m
  [0m   [0m  [33m                                              ^--- Use of undeclared Var hackathon.core/word-par[0m
  [36m154[0m  [36m                 (if (:disabled? word-pair)[0m
  [36m155[0m  [36m                   (:word word-pair)[0m
  [36m156[0m  [36m                   (if (:clicked? word-pair)[0m
  [36m157[0m  [36m                     (:word word-pair)[0m
  [36m158[0m  [36m                     "SYNONYM"))])[0m

[36m----  Compiler Warning : Please see src/cljs/hackathon/core.cljs  ----[0m
[32mSuccessfully compiled "target/cljsbuild/public/js/app.js" in 0.511 seconds.[0m
notifying browser that file changed:  target/cljsbuild/public/js/out/hackathon/core.js
[0mCompiling "target/cljsbuild/public/js/app.js" from ["src/cljs" "src/cljc" "env/dev/cljs"]...[0m
[36m----  Compiler Warning on   src/cljs/hackathon/core.cljs   line:157  column:50  ----[0m

  [1mUse of undeclared Var hackathon.core/word-par[0m

  [36m153[0m  [36m(doall[0m
  [36m154[0m  [36m (map-indexed (fn [i word-pair][0m
  [36m155[0m  [36m                ^{:key i}[0m
  [36m156[0m  [36m                [sa/Button {:onClick #(on-button-click word-pair)[0m
  [33m157[0m  [1m                            :disabled (:done? word-par)}[0m
  [0m   [0m  [33m                                              ^--- Use of undeclared Var hackathon.core/word-par[0m
  [36m158[0m  [36m                 (if (:disabled? word-pair)[0m
  [36m159[0m  [36m                   (:word word-pair)[0m
  [36m160[0m  [36m                   (if (:clicked? word-pair)[0m
  [36m161[0m  [36m                     (:word word-pair)[0m
  [36m162[0m  [36m                     "SYNONYM"))])[0m

[36m----  Compiler Warning : Please see src/cljs/hackathon/core.cljs  ----[0m
[32mSuccessfully compiled "target/cljsbuild/public/js/app.js" in 0.515 seconds.[0m
notifying browser that file changed:  target/cljsbuild/public/js/out/hackathon/core.js
[0mCompiling "target/cljsbuild/public/js/app.js" from ["src/cljs" "src/cljc" "env/dev/cljs"]...[0m
[32mSuccessfully compiled "target/cljsbuild/public/js/app.js" in 0.479 seconds.[0m
notifying browser that file changed:  target/cljsbuild/public/js/out/hackathon/core.js
[0mCompiling "target/cljsbuild/public/js/app.js" from ["src/cljs" "src/cljc" "env/dev/cljs"]...[0m
[32mSuccessfully compiled "target/cljsbuild/public/js/app.js" in 0.489 seconds.[0m
notifying browser that file changed:  target/cljsbuild/public/js/out/hackathon/core.js
[0mCompiling "target/cljsbuild/public/js/app.js" from ["src/cljs" "src/cljc" "env/dev/cljs"]...[0m
[36m----  Compiler Warning on   src/cljs/hackathon/core.cljs   line:127  column:49  ----[0m

  [1mUse of undeclared Var hackathon.core/synonyms-key-value[0m

  [36m123[0m  [36m#_(js/alert (str @(rf/subscribe [:first-value])))[0m
  [36m124[0m  [36m(if-not @(rf/subscribe [:first-value])[0m
  [36m125[0m  [36m  (do[0m
  [36m126[0m  [36m    (rf/dispatch [:set-first-value (not @(rf/subscribe [:first-value]))])[0m
  [33m127[0m  [1m    (rf/dispatch [:set-synonym (:synonym (nth synonyms-key-value (+ (* i 4) j)))])[0m
  [0m   [0m  [33m                                              ^--- Use of undeclared Var hackathon.core/synonyms-key-value[0m
  [36m128[0m  [36m    (rf/dispatch [:set-word (:word (nth synonyms-key-value (+ (* i 4) j)))])[0m
  [36m129[0m  [36m    [sa/Button  {:id (+ (* i 4) j)}[0m
  [36m130[0m  [36m     (nth synonyms (+ (* i 4) j))[0m
  [36m131[0m  [36m     #_"fhsjkd"][0m
  [36m132[0m  [36m    (js/alert "False is working"))[0m

[36m----  Compiler Warning : Please see src/cljs/hackathon/core.cljs  ----[0m
[36m----  Compiler Warning on   src/cljs/hackathon/core.cljs   line:128  column:43  ----[0m

  [1mUse of undeclared Var hackathon.core/synonyms-key-value[0m

  [36m124[0m  [36m(if-not @(rf/subscribe [:first-value])[0m
  [36m125[0m  [36m  (do[0m
  [36m126[0m  [36m    (rf/dispatch [:set-first-value (not @(rf/subscribe [:first-value]))])[0m
  [36m127[0m  [36m    (rf/dispatch [:set-synonym (:synonym (nth synonyms-key-value (+ (* i 4) j)))])[0m
  [33m128[0m  [1m    (rf/dispatch [:set-word (:word (nth synonyms-key-value (+ (* i 4) j)))])[0m
  [0m   [0m  [33m                                        ^--- Use of undeclared Var hackathon.core/synonyms-key-value[0m
  [36m129[0m  [36m    [sa/Button  {:id (+ (* i 4) j)}[0m
  [36m130[0m  [36m     (nth synonyms (+ (* i 4) j))[0m
  [36m131[0m  [36m     #_"fhsjkd"][0m
  [36m132[0m  [36m    (js/alert "False is working"))[0m
  [36m133[0m  [36m  (do[0m

[36m----  Compiler Warning : Please see src/cljs/hackathon/core.cljs  ----[0m
[36m----  Compiler Warning on   src/cljs/hackathon/core.cljs   line:135  column:26  ----[0m

  [1mUse of undeclared Var hackathon.core/synonyms-key-value[0m

  [36m131[0m  [36m   #_"fhsjkd"][0m
  [36m132[0m  [36m  (js/alert "False is working"))[0m
  [36m133[0m  [36m(do[0m
  [36m134[0m  [36m  (rf/dispatch [:set-first-value (not @(rf/subscribe [:first-value]))])[0m
  [33m135[0m  [1m  (if (= (:word (nth synonyms-key-value (+ (* i 4) j)))[0m
  [0m   [0m  [33m                     ^--- Use of undeclared Var hackathon.core/synonyms-key-value[0m
  [36m136[0m  [36m         @(rf/subscribe [:synonym]))[0m
  [36m137[0m  [36m    (js/alert "Synonym Found")[0m
  [36m138[0m  [36m    (js/alert "Wrong word chosen"))[0m
  [36m139[0m  [36m  (rf/dispatch [:set-synonym ""])[0m
  [36m140[0m  [36m  (rf/dispatch [:set-word ""])[0m

[36m----  Compiler Warning : Please see src/cljs/hackathon/core.cljs  ----[0m
[36m----  Compiler Warning on   src/cljs/hackathon/core.cljs   line:146  column:8  ----[0m

  [1mUse of undeclared Var re-frame.core/disp[0m

  [36m143[0m  [36m(defn on-button-click[0m
  [36m144[0m  [36m  [word-map][0m
  [36m145[0m  [36m  (-> (update-in word-map [:clicked] not)[0m
  [33m146[0m  [1m      (rf/disp)))[0m
  [0m   [0m  [33m       ^--- Use of undeclared Var re-frame.core/disp[0m
  [36m147[0m  [36m[0m
  [36m148[0m  [36m(defn about-page [][0m
  [36m149[0m  [36m  (let [synonyms (rf/subscribe [:get-k :synonym])[0m
  [36m150[0m  [36m        on-button-click (fn [word-pair])])[0m
  [36m151[0m  [36m  [:div.container[0m

[36m----  Compiler Warning : Please see src/cljs/hackathon/core.cljs  ----[0m
[32mSuccessfully compiled "target/cljsbuild/public/js/app.js" in 0.58 seconds.[0m
notifying browser that file changed:  target/cljsbuild/public/js/out/hackathon/core.js
[0mCompiling "target/cljsbuild/public/js/app.js" from ["src/cljs" "src/cljc" "env/dev/cljs"]...[0m
[36m----  Compiler Warning on   src/cljs/hackathon/core.cljs   line:127  column:49  ----[0m

  [1mUse of undeclared Var hackathon.core/synonyms-key-value[0m

  [36m123[0m  [36m#_(js/alert (str @(rf/subscribe [:first-value])))[0m
  [36m124[0m  [36m(if-not @(rf/subscribe [:first-value])[0m
  [36m125[0m  [36m  (do[0m
  [36m126[0m  [36m    (rf/dispatch [:set-first-value (not @(rf/subscribe [:first-value]))])[0m
  [33m127[0m  [1m    (rf/dispatch [:set-synonym (:synonym (nth synonyms-key-value (+ (* i 4) j)))])[0m
  [0m   [0m  [33m                                              ^--- Use of undeclared Var hackathon.core/synonyms-key-value[0m
  [36m128[0m  [36m    (rf/dispatch [:set-word (:word (nth synonyms-key-value (+ (* i 4) j)))])[0m
  [36m129[0m  [36m    [sa/Button  {:id (+ (* i 4) j)}[0m
  [36m130[0m  [36m     (nth synonyms (+ (* i 4) j))[0m
  [36m131[0m  [36m     #_"fhsjkd"][0m
  [36m132[0m  [36m    (js/alert "False is working"))[0m

[36m----  Compiler Warning : Please see src/cljs/hackathon/core.cljs  ----[0m
[36m----  Compiler Warning on   src/cljs/hackathon/core.cljs   line:128  column:43  ----[0m

  [1mUse of undeclared Var hackathon.core/synonyms-key-value[0m

  [36m124[0m  [36m(if-not @(rf/subscribe [:first-value])[0m
  [36m125[0m  [36m  (do[0m
  [36m126[0m  [36m    (rf/dispatch [:set-first-value (not @(rf/subscribe [:first-value]))])[0m
  [36m127[0m  [36m    (rf/dispatch [:set-synonym (:synonym (nth synonyms-key-value (+ (* i 4) j)))])[0m
  [33m128[0m  [1m    (rf/dispatch [:set-word (:word (nth synonyms-key-value (+ (* i 4) j)))])[0m
  [0m   [0m  [33m                                        ^--- Use of undeclared Var hackathon.core/synonyms-key-value[0m
  [36m129[0m  [36m    [sa/Button  {:id (+ (* i 4) j)}[0m
  [36m130[0m  [36m     (nth synonyms (+ (* i 4) j))[0m
  [36m131[0m  [36m     #_"fhsjkd"][0m
  [36m132[0m  [36m    (js/alert "False is working"))[0m
  [36m133[0m  [36m  (do[0m

[36m----  Compiler Warning : Please see src/cljs/hackathon/core.cljs  ----[0m
[36m----  Compiler Warning on   src/cljs/hackathon/core.cljs   line:135  column:26  ----[0m

  [1mUse of undeclared Var hackathon.core/synonyms-key-value[0m

  [36m131[0m  [36m   #_"fhsjkd"][0m
  [36m132[0m  [36m  (js/alert "False is working"))[0m
  [36m133[0m  [36m(do[0m
  [36m134[0m  [36m  (rf/dispatch [:set-first-value (not @(rf/subscribe [:first-value]))])[0m
  [33m135[0m  [1m  (if (= (:word (nth synonyms-key-value (+ (* i 4) j)))[0m
  [0m   [0m  [33m                     ^--- Use of undeclared Var hackathon.core/synonyms-key-value[0m
  [36m136[0m  [36m         @(rf/subscribe [:synonym]))[0m
  [36m137[0m  [36m    (js/alert "Synonym Found")[0m
  [36m138[0m  [36m    (js/alert "Wrong word chosen"))[0m
  [36m139[0m  [36m  (rf/dispatch [:set-synonym ""])[0m
  [36m140[0m  [36m  (rf/dispatch [:set-word ""])[0m

[36m----  Compiler Warning : Please see src/cljs/hackathon/core.cljs  ----[0m
[36m----  Compiler Warning on   src/cljs/hackathon/core.cljs   line:146  column:8  ----[0m

  [1mUse of undeclared Var re-frame.core/disp[0m

  [36m143[0m  [36m(defn on-button-click[0m
  [36m144[0m  [36m  [word-map][0m
  [36m145[0m  [36m  (-> (update-in word-map [:clicked] not)[0m
  [33m146[0m  [1m      (rf/disp)))[0m
  [0m   [0m  [33m       ^--- Use of undeclared Var re-frame.core/disp[0m
  [36m147[0m  [36m[0m
  [36m148[0m  [36m(defn about-page [][0m
  [36m149[0m  [36m  (let [synonyms (rf/subscribe [:get-k :synonym])[0m
  [36m150[0m  [36m        on-button-click (fn [word-pair])])[0m
  [36m151[0m  [36m  [:div.container[0m

[36m----  Compiler Warning : Please see src/cljs/hackathon/core.cljs  ----[0m
[32mSuccessfully compiled "target/cljsbuild/public/js/app.js" in 0.552 seconds.[0m
notifying browser that file changed:  target/cljsbuild/public/js/out/hackathon/core.js
[0mCompiling "target/cljsbuild/public/js/app.js" from ["src/cljs" "src/cljc" "env/dev/cljs"]...[0m
[36m----  Compiler Warning on   src/cljs/hackathon/core.cljs   line:146  column:8  ----[0m

  [1mUse of undeclared Var re-frame.core/disp[0m

  [36m143[0m  [36m(defn on-button-click[0m
  [36m144[0m  [36m  [word-map][0m
  [36m145[0m  [36m  (-> (update-in word-map [:clicked] not)[0m
  [33m146[0m  [1m      (rf/disp)))[0m
  [0m   [0m  [33m       ^--- Use of undeclared Var re-frame.core/disp[0m
  [36m147[0m  [36m[0m
  [36m148[0m  [36m(defn about-page [][0m
  [36m149[0m  [36m  (let [synonyms (rf/subscribe [:get-k :synonym])[0m
  [36m150[0m  [36m        on-button-click (fn [word-pair])])[0m
  [36m151[0m  [36m  [:div.container[0m

[36m----  Compiler Warning : Please see src/cljs/hackathon/core.cljs  ----[0m
[32mSuccessfully compiled "target/cljsbuild/public/js/app.js" in 0.501 seconds.[0m
notifying browser that file changed:  target/cljsbuild/public/js/out/hackathon/core.js
[0mCompiling "target/cljsbuild/public/js/app.js" from ["src/cljs" "src/cljc" "env/dev/cljs"]...[0m
[32mSuccessfully compiled "target/cljsbuild/public/js/app.js" in 0.476 seconds.[0m
notifying browser that file changed:  target/cljsbuild/public/js/out/hackathon/core.js
[0mCompiling "target/cljsbuild/public/js/app.js" from ["src/cljs" "src/cljc" "env/dev/cljs"]...[0m
[32mSuccessfully compiled "target/cljsbuild/public/js/app.js" in 0.496 seconds.[0m
notifying browser that file changed:  target/cljsbuild/public/js/out/hackathon/core.js
[0mCompiling "target/cljsbuild/public/js/app.js" from ["src/cljs" "src/cljc" "env/dev/cljs"]...[0m
[32mSuccessfully compiled "target/cljsbuild/public/js/app.js" in 0.497 seconds.[0m
notifying browser that file changed:  target/cljsbuild/public/js/out/hackathon/subscriptions.js
[0mCompiling "target/cljsbuild/public/js/app.js" from ["src/cljs" "src/cljc" "env/dev/cljs"]...[0m
[32mSuccessfully compiled "target/cljsbuild/public/js/app.js" in 0.487 seconds.[0m
notifying browser that file changed:  target/cljsbuild/public/js/out/hackathon/core.js
[0mCompiling "target/cljsbuild/public/js/app.js" from ["src/cljs" "src/cljc" "env/dev/cljs"]...[0m
[32mSuccessfully compiled "target/cljsbuild/public/js/app.js" in 0.486 seconds.[0m
notifying browser that file changed:  target/cljsbuild/public/js/out/hackathon/core.js
[0mCompiling "target/cljsbuild/public/js/app.js" from ["src/cljs" "src/cljc" "env/dev/cljs"]...[0m
[32mSuccessfully compiled "target/cljsbuild/public/js/app.js" in 0.488 seconds.[0m
notifying browser that file changed:  target/cljsbuild/public/js/out/hackathon/subscriptions.js
[0mCompiling "target/cljsbuild/public/js/app.js" from ["src/cljs" "src/cljc" "env/dev/cljs"]...[0m
[32mSuccessfully compiled "target/cljsbuild/public/js/app.js" in 0.488 seconds.[0m
notifying browser that file changed:  target/cljsbuild/public/js/out/hackathon/subscriptions.js
[0mCompiling "target/cljsbuild/public/js/app.js" from ["src/cljs" "src/cljc" "env/dev/cljs"]...[0m
[32mSuccessfully compiled "target/cljsbuild/public/js/app.js" in 0.497 seconds.[0m
notifying browser that file changed:  target/cljsbuild/public/js/out/hackathon/db.js
[0mCompiling "target/cljsbuild/public/js/app.js" from ["src/cljs" "src/cljc" "env/dev/cljs"]...[0m
[32mSuccessfully compiled "target/cljsbuild/public/js/app.js" in 0.497 seconds.[0m
notifying browser that file changed:  target/cljsbuild/public/js/out/hackathon/subscriptions.js
[0mCompiling "target/cljsbuild/public/js/app.js" from ["src/cljs" "src/cljc" "env/dev/cljs"]...[0m
[32mSuccessfully compiled "target/cljsbuild/public/js/app.js" in 0.505 seconds.[0m
notifying browser that file changed:  target/cljsbuild/public/js/out/hackathon/db.js
[0mCompiling "target/cljsbuild/public/js/app.js" from ["src/cljs" "src/cljc" "env/dev/cljs"]...[0m
[36m----  Compiler Warning on   src/cljs/hackathon/core.cljs   line:166  column:25  ----[0m

  [1mUse of undeclared Var hackathon.core/word-pair[0m

  [36m162[0m  [36m                            (:word word-pair)[0m
  [36m163[0m  [36m                            (if (:clicked? word-pair)[0m
  [36m164[0m  [36m                              (:word word-pair)[0m
  [36m165[0m  [36m                              "SYNONYM"))[0m
  [33m166[0m  [1m                        word-pair])[0m
  [0m   [0m  [33m                        ^--- Use of undeclared Var hackathon.core/word-pair[0m
  [36m167[0m  [36m                     @synonyms))])))[0m
  [36m168[0m  [36m[0m
  [36m169[0m  [36m(defn home-page [][0m
  [36m170[0m  [36m  [:div.container[0m
  [36m171[0m  [36m   (when-let [docs @(rf/subscribe [:docs])][0m

[36m----  Compiler Warning : Please see src/cljs/hackathon/core.cljs  ----[0m
[32mSuccessfully compiled "target/cljsbuild/public/js/app.js" in 0.561 seconds.[0m
notifying browser that file changed:  target/cljsbuild/public/js/out/hackathon/core.js
[0mCompiling "target/cljsbuild/public/js/app.js" from ["src/cljs" "src/cljc" "env/dev/cljs"]...[0m
[32mSuccessfully compiled "target/cljsbuild/public/js/app.js" in 0.487 seconds.[0m
notifying browser that file changed:  target/cljsbuild/public/js/out/hackathon/core.js
[0mCompiling "target/cljsbuild/public/js/app.js" from ["src/cljs" "src/cljc" "env/dev/cljs"]...[0m
[36m----  Compiler Warning on   src/cljs/hackathon/core.cljs   line:160  column:63  ----[0m

  [1mUse of undeclared Var hackathon.core/word-pair[0m

  [36m156[0m  [36m       (doall[0m
  [36m157[0m  [36m[0m
  [36m158[0m  [36m        (map-indexed (fn [i {:keys [word synonym clicked? done?]}][0m
  [36m159[0m  [36m                       ^{:key i}[0m
  [33m160[0m  [1m                       [sa/Button {:onClick #(on-button-click word-pair)}[0m
  [0m   [0m  [33m                                                              ^--- Use of undeclared Var hackathon.core/word-pair[0m
  [36m161[0m  [36m                        #_(if (:disabled? word-pair)[0m
  [36m162[0m  [36m                            (:word word-pair)[0m
  [36m163[0m  [36m                            (if (:clicked? word-pair)[0m
  [36m164[0m  [36m                              (:word word-pair)[0m
  [36m165[0m  [36m                              "SYNONYM"))[0m

[36m----  Compiler Warning : Please see src/cljs/hackathon/core.cljs  ----[0m
[32mSuccessfully compiled "target/cljsbuild/public/js/app.js" in 0.499 seconds.[0m
notifying browser that file changed:  target/cljsbuild/public/js/out/hackathon/core.js
[0mCompiling "target/cljsbuild/public/js/app.js" from ["src/cljs" "src/cljc" "env/dev/cljs"]...[0m
[36m----  Compiler Warning on   src/cljs/hackathon/core.cljs   line:160  column:63  ----[0m

  [1mUse of undeclared Var hackathon.core/word-pair[0m

  [36m156[0m  [36m       (doall[0m
  [36m157[0m  [36m[0m
  [36m158[0m  [36m        (map-indexed (fn [i {:keys [word synonym clicked? done?]}][0m
  [36m159[0m  [36m                       ^{:key i}[0m
  [33m160[0m  [1m                       [sa/Button {:onClick #(on-button-click word-pair)}[0m
  [0m   [0m  [33m                                                              ^--- Use of undeclared Var hackathon.core/word-pair[0m
  [36m161[0m  [36m                        (if (:disabled? word-pair)[0m
  [36m162[0m  [36m                            (:word word-pair)[0m
  [36m163[0m  [36m                            (if (:clicked? word-pair)[0m
  [36m164[0m  [36m                              (:word word-pair)[0m
  [36m165[0m  [36m                              "SYNONYM"))[0m

[36m----  Compiler Warning : Please see src/cljs/hackathon/core.cljs  ----[0m
[36m----  Compiler Warning on   src/cljs/hackathon/core.cljs   line:161  column:41  ----[0m

  [1mUse of undeclared Var hackathon.core/word-pair[0m

  [36m158[0m  [36m(map-indexed (fn [i {:keys [word synonym clicked? done?]}][0m
  [36m159[0m  [36m               ^{:key i}[0m
  [36m160[0m  [36m               [sa/Button {:onClick #(on-button-click word-pair)}[0m
  [33m161[0m  [1m                (if (:disabled? word-pair)[0m
  [0m   [0m  [33m                                ^--- Use of undeclared Var hackathon.core/word-pair[0m
  [36m162[0m  [36m                    (:word word-pair)[0m
  [36m163[0m  [36m                    (if (:clicked? word-pair)[0m
  [36m164[0m  [36m                      (:word word-pair)[0m
  [36m165[0m  [36m                      "SYNONYM"))[0m
  [36m166[0m  [36m                word])[0m

[36m----  Compiler Warning : Please see src/cljs/hackathon/core.cljs  ----[0m
[36m----  Compiler Warning on   src/cljs/hackathon/core.cljs   line:162  column:36  ----[0m

  [1mUse of undeclared Var hackathon.core/word-pair[0m

  [36m158[0m  [36m(map-indexed (fn [i {:keys [word synonym clicked? done?]}][0m
  [36m159[0m  [36m               ^{:key i}[0m
  [36m160[0m  [36m               [sa/Button {:onClick #(on-button-click word-pair)}[0m
  [36m161[0m  [36m                (if (:disabled? word-pair)[0m
  [33m162[0m  [1m                    (:word word-pair)[0m
  [0m   [0m  [33m                           ^--- Use of undeclared Var hackathon.core/word-pair[0m
  [36m163[0m  [36m                    (if (:clicked? word-pair)[0m
  [36m164[0m  [36m                      (:word word-pair)[0m
  [36m165[0m  [36m                      "SYNONYM"))[0m
  [36m166[0m  [36m                word])[0m
  [36m167[0m  [36m             @synonyms))])))[0m

[36m----  Compiler Warning : Please see src/cljs/hackathon/core.cljs  ----[0m
[36m----  Compiler Warning on   src/cljs/hackathon/core.cljs   line:163  column:44  ----[0m

  [1mUse of undeclared Var hackathon.core/word-pair[0m

  [36m159[0m  [36m  ^{:key i}[0m
  [36m160[0m  [36m  [sa/Button {:onClick #(on-button-click word-pair)}[0m
  [36m161[0m  [36m   (if (:disabled? word-pair)[0m
  [36m162[0m  [36m       (:word word-pair)[0m
  [33m163[0m  [1m       (if (:clicked? word-pair)[0m
  [0m   [0m  [33m                      ^--- Use of undeclared Var hackathon.core/word-pair[0m
  [36m164[0m  [36m         (:word word-pair)[0m
  [36m165[0m  [36m         "SYNONYM"))[0m
  [36m166[0m  [36m   word])[0m
  [36m167[0m  [36m@synonyms))])))[0m

[36m----  Compiler Warning : Please see src/cljs/hackathon/core.cljs  ----[0m
[36m----  Compiler Warning on   src/cljs/hackathon/core.cljs   line:164  column:38  ----[0m

  [1mUse of undeclared Var hackathon.core/word-pair[0m

  [36m160[0m  [36m                       [sa/Button {:onClick #(on-button-click word-pair)}[0m
  [36m161[0m  [36m                        (if (:disabled? word-pair)[0m
  [36m162[0m  [36m                            (:word word-pair)[0m
  [36m163[0m  [36m                            (if (:clicked? word-pair)[0m
  [33m164[0m  [1m                              (:word word-pair)[0m
  [0m   [0m  [33m                                     ^--- Use of undeclared Var hackathon.core/word-pair[0m
  [36m165[0m  [36m                              "SYNONYM"))[0m
  [36m166[0m  [36m                        word])[0m
  [36m167[0m  [36m                     @synonyms))])))[0m
  [36m168[0m  [36m[0m
  [36m169[0m  [36m(defn home-page [][0m

[36m----  Compiler Warning : Please see src/cljs/hackathon/core.cljs  ----[0m
[32mSuccessfully compiled "target/cljsbuild/public/js/app.js" in 0.562 seconds.[0m
notifying browser that file changed:  target/cljsbuild/public/js/out/hackathon/core.js
[0mCompiling "target/cljsbuild/public/js/app.js" from ["src/cljs" "src/cljc" "env/dev/cljs"]...[0m
[36m----  Compiler Warning on   src/cljs/hackathon/core.cljs   line:160  column:63  ----[0m

  [1mUse of undeclared Var hackathon.core/word-pair[0m

  [36m156[0m  [36m       (doall[0m
  [36m157[0m  [36m[0m
  [36m158[0m  [36m        (map-indexed (fn [i {:keys [word synonym clicked? disabled?]}][0m
  [36m159[0m  [36m                       ^{:key i}[0m
  [33m160[0m  [1m                       [sa/Button {:onClick #(on-button-click word-pair)}[0m
  [0m   [0m  [33m                                                              ^--- Use of undeclared Var hackathon.core/word-pair[0m
  [36m161[0m  [36m                        (if (:done)[0m
  [36m162[0m  [36m                            (:word word-pair)[0m
  [36m163[0m  [36m                            (if (:clicked? word-pair)[0m
  [36m164[0m  [36m                              (:word word-pair)[0m
  [36m165[0m  [36m                              "SYNONYM"))[0m

[36m----  Compiler Warning : Please see src/cljs/hackathon/core.cljs  ----[0m
[36m----  Compiler Warning on   src/cljs/hackathon/core.cljs   line:161  column:29  ----[0m

  [1mWrong number of args (0) passed to :done[0m

  [36m158[0m  [36m(map-indexed (fn [i {:keys [word synonym clicked? disabled?]}][0m
  [36m159[0m  [36m               ^{:key i}[0m
  [36m160[0m  [36m               [sa/Button {:onClick #(on-button-click word-pair)}[0m
  [33m161[0m  [1m                (if (:done)[0m
  [0m   [0m  [33m                    ^--- Wrong number of args (0) passed to :done[0m
  [36m162[0m  [36m                    (:word word-pair)[0m
  [36m163[0m  [36m                    (if (:clicked? word-pair)[0m
  [36m164[0m  [36m                      (:word word-pair)[0m
  [36m165[0m  [36m                      "SYNONYM"))[0m
  [36m166[0m  [36m                word])[0m

[36m----  Compiler Warning : Please see src/cljs/hackathon/core.cljs  ----[0m
[36m----  Compiler Warning on   src/cljs/hackathon/core.cljs   line:162  column:36  ----[0m

  [1mUse of undeclared Var hackathon.core/word-pair[0m

  [36m158[0m  [36m(map-indexed (fn [i {:keys [word synonym clicked? disabled?]}][0m
  [36m159[0m  [36m               ^{:key i}[0m
  [36m160[0m  [36m               [sa/Button {:onClick #(on-button-click word-pair)}[0m
  [36m161[0m  [36m                (if (:done)[0m
  [33m162[0m  [1m                    (:word word-pair)[0m
  [0m   [0m  [33m                           ^--- Use of undeclared Var hackathon.core/word-pair[0m
  [36m163[0m  [36m                    (if (:clicked? word-pair)[0m
  [36m164[0m  [36m                      (:word word-pair)[0m
  [36m165[0m  [36m                      "SYNONYM"))[0m
  [36m166[0m  [36m                word])[0m
  [36m167[0m  [36m             @synonyms))])))[0m

[36m----  Compiler Warning : Please see src/cljs/hackathon/core.cljs  ----[0m
[36m----  Compiler Warning on   src/cljs/hackathon/core.cljs   line:163  column:44  ----[0m

  [1mUse of undeclared Var hackathon.core/word-pair[0m

  [36m159[0m  [36m  ^{:key i}[0m
  [36m160[0m  [36m  [sa/Button {:onClick #(on-button-click word-pair)}[0m
  [36m161[0m  [36m   (if (:done)[0m
  [36m162[0m  [36m       (:word word-pair)[0m
  [33m163[0m  [1m       (if (:clicked? word-pair)[0m
  [0m   [0m  [33m                      ^--- Use of undeclared Var hackathon.core/word-pair[0m
  [36m164[0m  [36m         (:word word-pair)[0m
  [36m165[0m  [36m         "SYNONYM"))[0m
  [36m166[0m  [36m   word])[0m
  [36m167[0m  [36m@synonyms))])))[0m

[36m----  Compiler Warning : Please see src/cljs/hackathon/core.cljs  ----[0m
[36m----  Compiler Warning on   src/cljs/hackathon/core.cljs   line:164  column:38  ----[0m

  [1mUse of undeclared Var hackathon.core/word-pair[0m

  [36m160[0m  [36m                       [sa/Button {:onClick #(on-button-click word-pair)}[0m
  [36m161[0m  [36m                        (if (:done)[0m
  [36m162[0m  [36m                            (:word word-pair)[0m
  [36m163[0m  [36m                            (if (:clicked? word-pair)[0m
  [33m164[0m  [1m                              (:word word-pair)[0m
  [0m   [0m  [33m                                     ^--- Use of undeclared Var hackathon.core/word-pair[0m
  [36m165[0m  [36m                              "SYNONYM"))[0m
  [36m166[0m  [36m                        word])[0m
  [36m167[0m  [36m                     @synonyms))])))[0m
  [36m168[0m  [36m[0m
  [36m169[0m  [36m(defn home-page [][0m

[36m----  Compiler Warning : Please see src/cljs/hackathon/core.cljs  ----[0m
[32mSuccessfully compiled "target/cljsbuild/public/js/app.js" in 0.563 seconds.[0m
notifying browser that file changed:  target/cljsbuild/public/js/out/hackathon/core.js
[0mCompiling "target/cljsbuild/public/js/app.js" from ["src/cljs" "src/cljc" "env/dev/cljs"]...[0m
[36m----  Compiler Warning on   src/cljs/hackathon/core.cljs   line:161  column:29  ----[0m

  [1mWrong number of args (0) passed to :done[0m

  [36m158[0m  [36m(map-indexed (fn [i {:keys [word synonym clicked? disabled?]}][0m
  [36m159[0m  [36m               ^{:key i}[0m
  [36m160[0m  [36m               [sa/Button {:onClick #(on-button-click word)}[0m
  [33m161[0m  [1m                (if (:done)[0m
  [0m   [0m  [33m                    ^--- Wrong number of args (0) passed to :done[0m
  [36m162[0m  [36m                    (:word word-pair)[0m
  [36m163[0m  [36m                    (if (:clicked? word-pair)[0m
  [36m164[0m  [36m                      (:word word-pair)[0m
  [36m165[0m  [36m                      "SYNONYM"))[0m
  [36m166[0m  [36m                word])[0m

[36m----  Compiler Warning : Please see src/cljs/hackathon/core.cljs  ----[0m
[36m----  Compiler Warning on   src/cljs/hackathon/core.cljs   line:162  column:36  ----[0m

  [1mUse of undeclared Var hackathon.core/word-pair[0m

  [36m158[0m  [36m(map-indexed (fn [i {:keys [word synonym clicked? disabled?]}][0m
  [36m159[0m  [36m               ^{:key i}[0m
  [36m160[0m  [36m               [sa/Button {:onClick #(on-button-click word)}[0m
  [36m161[0m  [36m                (if (:done)[0m
  [33m162[0m  [1m                    (:word word-pair)[0m
  [0m   [0m  [33m                           ^--- Use of undeclared Var hackathon.core/word-pair[0m
  [36m163[0m  [36m                    (if (:clicked? word-pair)[0m
  [36m164[0m  [36m                      (:word word-pair)[0m
  [36m165[0m  [36m                      "SYNONYM"))[0m
  [36m166[0m  [36m                word])[0m
  [36m167[0m  [36m             @synonyms))])))[0m

[36m----  Compiler Warning : Please see src/cljs/hackathon/core.cljs  ----[0m
[36m----  Compiler Warning on   src/cljs/hackathon/core.cljs   line:163  column:44  ----[0m

  [1mUse of undeclared Var hackathon.core/word-pair[0m

  [36m159[0m  [36m  ^{:key i}[0m
  [36m160[0m  [36m  [sa/Button {:onClick #(on-button-click word)}[0m
  [36m161[0m  [36m   (if (:done)[0m
  [36m162[0m  [36m       (:word word-pair)[0m
  [33m163[0m  [1m       (if (:clicked? word-pair)[0m
  [0m   [0m  [33m                      ^--- Use of undeclared Var hackathon.core/word-pair[0m
  [36m164[0m  [36m         (:word word-pair)[0m
  [36m165[0m  [36m         "SYNONYM"))[0m
  [36m166[0m  [36m   word])[0m
  [36m167[0m  [36m@synonyms))])))[0m

[36m----  Compiler Warning : Please see src/cljs/hackathon/core.cljs  ----[0m
[36m----  Compiler Warning on   src/cljs/hackathon/core.cljs   line:164  column:38  ----[0m

  [1mUse of undeclared Var hackathon.core/word-pair[0m

  [36m160[0m  [36m                       [sa/Button {:onClick #(on-button-click word)}[0m
  [36m161[0m  [36m                        (if (:done)[0m
  [36m162[0m  [36m                            (:word word-pair)[0m
  [36m163[0m  [36m                            (if (:clicked? word-pair)[0m
  [33m164[0m  [1m                              (:word word-pair)[0m
  [0m   [0m  [33m                                     ^--- Use of undeclared Var hackathon.core/word-pair[0m
  [36m165[0m  [36m                              "SYNONYM"))[0m
  [36m166[0m  [36m                        word])[0m
  [36m167[0m  [36m                     @synonyms))])))[0m
  [36m168[0m  [36m[0m
  [36m169[0m  [36m(defn home-page [][0m

[36m----  Compiler Warning : Please see src/cljs/hackathon/core.cljs  ----[0m
[32mSuccessfully compiled "target/cljsbuild/public/js/app.js" in 0.572 seconds.[0m
notifying browser that file changed:  target/cljsbuild/public/js/out/hackathon/core.js
[0mCompiling "target/cljsbuild/public/js/app.js" from ["src/cljs" "src/cljc" "env/dev/cljs"]...[0m
[36m----  Compiler Warning on   src/cljs/hackathon/core.cljs   line:163  column:44  ----[0m

  [1mUse of undeclared Var hackathon.core/word-pair[0m

  [36m159[0m  [36m  ^{:key i}[0m
  [36m160[0m  [36m  [sa/Button {:onClick #(on-button-click word)}[0m
  [36m161[0m  [36m   (if disabled?[0m
  [36m162[0m  [36m       word[0m
  [33m163[0m  [1m       (if (:clicked? word-pair)[0m
  [0m   [0m  [33m                      ^--- Use of undeclared Var hackathon.core/word-pair[0m
  [36m164[0m  [36m         (:word word-pair)[0m
  [36m165[0m  [36m         "SYNONYM"))[0m
  [36m166[0m  [36m   word])[0m
  [36m167[0m  [36m@synonyms))])))[0m

[36m----  Compiler Warning : Please see src/cljs/hackathon/core.cljs  ----[0m
[36m----  Compiler Warning on   src/cljs/hackathon/core.cljs   line:164  column:38  ----[0m

  [1mUse of undeclared Var hackathon.core/word-pair[0m

  [36m160[0m  [36m                       [sa/Button {:onClick #(on-button-click word)}[0m
  [36m161[0m  [36m                        (if disabled?[0m
  [36m162[0m  [36m                            word[0m
  [36m163[0m  [36m                            (if (:clicked? word-pair)[0m
  [33m164[0m  [1m                              (:word word-pair)[0m
  [0m   [0m  [33m                                     ^--- Use of undeclared Var hackathon.core/word-pair[0m
  [36m165[0m  [36m                              "SYNONYM"))[0m
  [36m166[0m  [36m                        word])[0m
  [36m167[0m  [36m                     @synonyms))])))[0m
  [36m168[0m  [36m[0m
  [36m169[0m  [36m(defn home-page [][0m

[36m----  Compiler Warning : Please see src/cljs/hackathon/core.cljs  ----[0m
[32mSuccessfully compiled "target/cljsbuild/public/js/app.js" in 0.52 seconds.[0m
notifying browser that file changed:  target/cljsbuild/public/js/out/hackathon/core.js
[0mCompiling "target/cljsbuild/public/js/app.js" from ["src/cljs" "src/cljc" "env/dev/cljs"]...[0m
[32mSuccessfully compiled "target/cljsbuild/public/js/app.js" in 0.492 seconds.[0m
notifying browser that file changed:  target/cljsbuild/public/js/out/hackathon/core.js
[0mCompiling "target/cljsbuild/public/js/app.js" from ["src/cljs" "src/cljc" "env/dev/cljs"]...[0m
[31mFailed to compile "target/cljsbuild/public/js/app.js" in 0.279 seconds.[0m
[36m----  Could not Analyze  src/cljs/hackathon/core.cljs   line:145  column:3  ----[0m

  [1mToo few arguments to if at line 145 src/cljs/hackathon/core.cljs[0m

  [36m143[0m  [36m(defn on-button-click[0m
  [36m144[0m  [36m  [word-map][0m
  [33m145[0m  [1m  (if @(rf/subscribe )))[0m
  [0m   [0m  [33m  ^--- Too few arguments to if at line 145 src/cljs/hackathon/core.cljs[0m
  [36m146[0m  [36m[0m
  [36m147[0m  [36m(defn about-page [][0m
  [36m148[0m  [36m  (let [synonyms (rf/subscribe [:get-k :synonyms])[0m

[36m----  Analysis Error : Please see src/cljs/hackathon/core.cljs  ----[0m
[0mCompiling "target/cljsbuild/public/js/app.js" from ["src/cljs" "src/cljc" "env/dev/cljs"]...[0m
[36m----  Compiler Warning on   src/cljs/hackathon/handlers.cljs   line:33  column:26  ----[0m

  [1mUse of undeclared Var hackathon.handlers/first-value[0m

  [36m30[0m  [36m(reg-event-db[0m
  [36m31[0m  [36m :set-first-page[0m
  [36m32[0m  [36m (fn [db [_ page]][0m
  [33m33[0m  [1m   (assoc db :first-page first-value)))[0m
  [0m  [0m  [33m                         ^--- Use of undeclared Var hackathon.handlers/first-value[0m
  [36m34[0m  [36m[0m
  [36m35[0m  [36m(reg-event-db[0m
  [36m36[0m  [36m :set-second-page[0m
  [36m37[0m  [36m (fn [db [_ page]][0m
  [36m38[0m  [36m   (assoc db :second-page page)))[0m

[36m----  Compiler Warning : Please see src/cljs/hackathon/handlers.cljs  ----[0m
[31mFailed to compile "target/cljsbuild/public/js/app.js" in 0.312 seconds.[0m
[36m----  Could not Analyze  src/cljs/hackathon/core.cljs   line:145  column:3  ----[0m

  [1mToo few arguments to if at line 145 src/cljs/hackathon/core.cljs[0m

  [36m143[0m  [36m(defn on-button-click[0m
  [36m144[0m  [36m  [word-map][0m
  [33m145[0m  [1m  (if @(rf/subscribe )))[0m
  [0m   [0m  [33m  ^--- Too few arguments to if at line 145 src/cljs/hackathon/core.cljs[0m
  [36m146[0m  [36m[0m
  [36m147[0m  [36m(defn about-page [][0m
  [36m148[0m  [36m  (let [synonyms (rf/subscribe [:get-k :synonyms])[0m

[36m----  Analysis Error : Please see src/cljs/hackathon/core.cljs  ----[0m
[0mCompiling "target/cljsbuild/public/js/app.js" from ["src/cljs" "src/cljc" "env/dev/cljs"]...[0m
[36m----  Compiler Warning on   src/cljs/hackathon/handlers.cljs   line:33  column:26  ----[0m

  [1mUse of undeclared Var hackathon.handlers/first-value[0m

  [36m30[0m  [36m(reg-event-db[0m
  [36m31[0m  [36m :set-first-page[0m
  [36m32[0m  [36m (fn [db [_ page]][0m
  [33m33[0m  [1m   (assoc db :first-page first-value)))[0m
  [0m  [0m  [33m                         ^--- Use of undeclared Var hackathon.handlers/first-value[0m
  [36m34[0m  [36m[0m
  [36m35[0m  [36m(reg-event-db[0m
  [36m36[0m  [36m :set-second-page[0m
  [36m37[0m  [36m (fn [db [_ page]][0m
  [36m38[0m  [36m   (assoc db :second-page page)))[0m

[36m----  Compiler Warning : Please see src/cljs/hackathon/handlers.cljs  ----[0m
[31mFailed to compile "target/cljsbuild/public/js/app.js" in 0.315 seconds.[0m
[36m----  Could not Analyze  src/cljs/hackathon/core.cljs   line:145  column:3  ----[0m

  [1mToo few arguments to if at line 145 src/cljs/hackathon/core.cljs[0m

  [36m143[0m  [36m(defn on-button-click[0m
  [36m144[0m  [36m  [word-map][0m
  [33m145[0m  [1m  (if @(rf/subscribe )))[0m
  [0m   [0m  [33m  ^--- Too few arguments to if at line 145 src/cljs/hackathon/core.cljs[0m
  [36m146[0m  [36m[0m
  [36m147[0m  [36m(defn about-page [][0m
  [36m148[0m  [36m  (let [synonyms (rf/subscribe [:get-k :synonyms])[0m

[36m----  Analysis Error : Please see src/cljs/hackathon/core.cljs  ----[0m
[0mCompiling "target/cljsbuild/public/js/app.js" from ["src/cljs" "src/cljc" "env/dev/cljs"]...[0m
[31mFailed to compile "target/cljsbuild/public/js/app.js" in 0.287 seconds.[0m
[36m----  Could not Analyze  src/cljs/hackathon/core.cljs   line:146  column:5  ----[0m

  [1mToo few arguments to if at line 146 src/cljs/hackathon/core.cljs[0m

  [36m144[0m  [36m[word-map][0m
  [36m145[0m  [36m(if @(rf/subscribe [:get-k :toggle])[0m
  [33m146[0m  [1m  (if (= @(rf/subscribe [:get-k :synonym])[0m
  [0m   [0m  [33m  ^--- Too few arguments to if at line 146 src/cljs/hackathon/core.cljs[0m
  [36m147[0m  [36m         word)[0m
  [36m148[0m  [36m    )))[0m

[36m----  Analysis Error : Please see src/cljs/hackathon/core.cljs  ----[0m
[0mCompiling "target/cljsbuild/public/js/app.js" from ["src/cljs" "src/cljc" "env/dev/cljs"]...[0m
[32mSuccessfully compiled "target/cljsbuild/public/js/app.js" in 0.489 seconds.[0m
notifying browser that file changed:  target/cljsbuild/public/js/out/hackathon/core.js
[0mCompiling "target/cljsbuild/public/js/app.js" from ["src/cljs" "src/cljc" "env/dev/cljs"]...[0m
[36m----  Compiler Warning on   src/cljs/hackathon/handlers.cljs   line:38  column:26  ----[0m

  [1mUse of undeclared Var hackathon.handlers/first-value[0m

  [36m35[0m  [36m(reg-event-db[0m
  [36m36[0m  [36m :set-first-page[0m
  [36m37[0m  [36m (fn [db [_ page]][0m
  [33m38[0m  [1m   (assoc db :first-page first-value)))[0m
  [0m  [0m  [33m                         ^--- Use of undeclared Var hackathon.handlers/first-value[0m
  [36m39[0m  [36m[0m
  [36m40[0m  [36m(reg-event-db[0m
  [36m41[0m  [36m :set-second-page[0m
  [36m42[0m  [36m (fn [db [_ page]][0m
  [36m43[0m  [36m   (assoc db :second-page page)))[0m

[36m----  Compiler Warning : Please see src/cljs/hackathon/handlers.cljs  ----[0m
[32mSuccessfully compiled "target/cljsbuild/public/js/app.js" in 0.663 seconds.[0m
notifying browser that file changed:  target/cljsbuild/public/js/out/hackathon/handlers.js
[0mCompiling "target/cljsbuild/public/js/app.js" from ["src/cljs" "src/cljc" "env/dev/cljs"]...[0m
[36m----  Compiler Warning on   src/cljs/hackathon/handlers.cljs   line:41  column:26  ----[0m

  [1mUse of undeclared Var hackathon.handlers/first-value[0m

  [36m38[0m  [36m(reg-event-db[0m
  [36m39[0m  [36m :set-first-page[0m
  [36m40[0m  [36m (fn [db [_ page]][0m
  [33m41[0m  [1m   (assoc db :first-page first-value)))[0m
  [0m  [0m  [33m                         ^--- Use of undeclared Var hackathon.handlers/first-value[0m
  [36m42[0m  [36m[0m
  [36m43[0m  [36m(reg-event-db[0m
  [36m44[0m  [36m :set-second-page[0m
  [36m45[0m  [36m (fn [db [_ page]][0m
  [36m46[0m  [36m   (assoc db :second-page page)))[0m

[36m----  Compiler Warning : Please see src/cljs/hackathon/handlers.cljs  ----[0m
[32mSuccessfully compiled "target/cljsbuild/public/js/app.js" in 0.53 seconds.[0m
notifying browser that file changed:  target/cljsbuild/public/js/out/hackathon/handlers.js
[0mCompiling "target/cljsbuild/public/js/app.js" from ["src/cljs" "src/cljc" "env/dev/cljs"]...[0m
[32mSuccessfully compiled "target/cljsbuild/public/js/app.js" in 0.501 seconds.[0m
notifying browser that file changed:  target/cljsbuild/public/js/out/hackathon/handlers.js
[0mCompiling "target/cljsbuild/public/js/app.js" from ["src/cljs" "src/cljc" "env/dev/cljs"]...[0m
[32mSuccessfully compiled "target/cljsbuild/public/js/app.js" in 0.492 seconds.[0m
notifying browser that file changed:  target/cljsbuild/public/js/out/hackathon/subscriptions.js
[0mCompiling "target/cljsbuild/public/js/app.js" from ["src/cljs" "src/cljc" "env/dev/cljs"]...[0m
[32mSuccessfully compiled "target/cljsbuild/public/js/app.js" in 0.489 seconds.[0m
notifying browser that file changed:  target/cljsbuild/public/js/out/hackathon/core.js
[0mCompiling "target/cljsbuild/public/js/app.js" from ["src/cljs" "src/cljc" "env/dev/cljs"]...[0m
[32mSuccessfully compiled "target/cljsbuild/public/js/app.js" in 0.492 seconds.[0m
notifying browser that file changed:  target/cljsbuild/public/js/out/hackathon/core.js
[0mCompiling "target/cljsbuild/public/js/app.js" from ["src/cljs" "src/cljc" "env/dev/cljs"]...[0m
[32mSuccessfully compiled "target/cljsbuild/public/js/app.js" in 0.491 seconds.[0m
notifying browser that file changed:  target/cljsbuild/public/js/out/hackathon/core.js
[0mCompiling "target/cljsbuild/public/js/app.js" from ["src/cljs" "src/cljc" "env/dev/cljs"]...[0m
[32mSuccessfully compiled "target/cljsbuild/public/js/app.js" in 0.506 seconds.[0m
notifying browser that file changed:  target/cljsbuild/public/js/out/hackathon/core.js
[0mCompiling "target/cljsbuild/public/js/app.js" from ["src/cljs" "src/cljc" "env/dev/cljs"]...[0m
[32mSuccessfully compiled "target/cljsbuild/public/js/app.js" in 0.487 seconds.[0m
notifying browser that file changed:  target/cljsbuild/public/js/out/hackathon/core.js
[0mCompiling "target/cljsbuild/public/js/app.js" from ["src/cljs" "src/cljc" "env/dev/cljs"]...[0m
[32mSuccessfully compiled "target/cljsbuild/public/js/app.js" in 0.488 seconds.[0m
notifying browser that file changed:  target/cljsbuild/public/js/out/hackathon/core.js
[0mCompiling "target/cljsbuild/public/js/app.js" from ["src/cljs" "src/cljc" "env/dev/cljs"]...[0m
[32mSuccessfully compiled "target/cljsbuild/public/js/app.js" in 0.519 seconds.[0m
notifying browser that file changed:  target/cljsbuild/public/js/out/hackathon/core.js
[0mCompiling "target/cljsbuild/public/js/app.js" from ["src/cljs" "src/cljc" "env/dev/cljs"]...[0m
[32mSuccessfully compiled "target/cljsbuild/public/js/app.js" in 0.504 seconds.[0m
notifying browser that file changed:  target/cljsbuild/public/js/out/hackathon/handlers.js
[0mCompiling "target/cljsbuild/public/js/app.js" from ["src/cljs" "src/cljc" "env/dev/cljs"]...[0m
[32mSuccessfully compiled "target/cljsbuild/public/js/app.js" in 0.503 seconds.[0m
notifying browser that file changed:  target/cljsbuild/public/js/out/hackathon/core.js
[0mCompiling "target/cljsbuild/public/js/app.js" from ["src/cljs" "src/cljc" "env/dev/cljs"]...[0m
[32mSuccessfully compiled "target/cljsbuild/public/js/app.js" in 0.509 seconds.[0m
notifying browser that file changed:  target/cljsbuild/public/js/out/hackathon/handlers.js
[0mCompiling "target/cljsbuild/public/js/app.js" from ["src/cljs" "src/cljc" "env/dev/cljs"]...[0m
[32mSuccessfully compiled "target/cljsbuild/public/js/app.js" in 0.509 seconds.[0m
notifying browser that file changed:  target/cljsbuild/public/js/out/hackathon/handlers.js
[0mCompiling "target/cljsbuild/public/js/app.js" from ["src/cljs" "src/cljc" "env/dev/cljs"]...[0m
[36m----  Compiler Warning on   src/cljs/hackathon/handlers.cljs   line:33  column:4  ----[0m

  [1mWrong number of args (2) passed to cljs.core/assoc[0m

  [36m29[0m  [36m                 (drop-while[0m
  [36m30[0m  [36m                  #(not= (:word synonym)[0m
  [36m31[0m  [36m                         (:word %))[0m
  [36m32[0m  [36m                  (:synonyms db))))[0m
  [33m33[0m  [1m(assoc :synonyms (concat (take-while[0m
  [0m  [0m  [33m^--- Wrong number of args (2) passed to cljs.core/assoc[0m
  [36m34[0m  [36m                          #(not= (:word synonym)[0m
  [36m35[0m  [36m                                 (:word %))[0m
  [36m36[0m  [36m                          (:synonyms db))[0m
  [36m37[0m  [36m                         [synonym][0m
  [36m38[0m  [36m                         (drop-while[0m

[36m----  Compiler Warning : Please see src/cljs/hackathon/handlers.cljs  ----[0m
[32mSuccessfully compiled "target/cljsbuild/public/js/app.js" in 0.548 seconds.[0m
notifying browser that file changed:  target/cljsbuild/public/js/out/hackathon/handlers.js
[0mCompiling "target/cljsbuild/public/js/app.js" from ["src/cljs" "src/cljc" "env/dev/cljs"]...[0m
[32mSuccessfully compiled "target/cljsbuild/public/js/app.js" in 0.507 seconds.[0m
notifying browser that file changed:  target/cljsbuild/public/js/out/hackathon/handlers.js
[0mCompiling "target/cljsbuild/public/js/app.js" from ["src/cljs" "src/cljc" "env/dev/cljs"]...[0m
[32mSuccessfully compiled "target/cljsbuild/public/js/app.js" in 0.509 seconds.[0m
notifying browser that file changed:  target/cljsbuild/public/js/out/hackathon/handlers.js
[0mCompiling "target/cljsbuild/public/js/app.js" from ["src/cljs" "src/cljc" "env/dev/cljs"]...[0m
[32mSuccessfully compiled "target/cljsbuild/public/js/app.js" in 0.51 seconds.[0m
notifying browser that file changed:  target/cljsbuild/public/js/out/hackathon/db.js
[0mCompiling "target/cljsbuild/public/js/app.js" from ["src/cljs" "src/cljc" "env/dev/cljs"]...[0m
[32mSuccessfully compiled "target/cljsbuild/public/js/app.js" in 0.494 seconds.[0m
notifying browser that file changed:  target/cljsbuild/public/js/out/hackathon/core.js
[0mCompiling "target/cljsbuild/public/js/app.js" from ["src/cljs" "src/cljc" "env/dev/cljs"]...[0m
[32mSuccessfully compiled "target/cljsbuild/public/js/app.js" in 0.494 seconds.[0m
notifying browser that file changed:  target/cljsbuild/public/js/out/hackathon/handlers.js
[0mCompiling "target/cljsbuild/public/js/app.js" from ["src/cljs" "src/cljc" "env/dev/cljs"]...[0m
[32mSuccessfully compiled "target/cljsbuild/public/js/app.js" in 0.482 seconds.[0m
notifying browser that file changed:  target/cljsbuild/public/js/out/hackathon/core.js
